[2012-10-14 10:59:50 [WARNING]] New template printer for #P"/home/zeno/code/seapup/lisp/../templates/main.tpl" created
[2012-10-14 10:59:50 [WARNING]] Warning while processing connection: New template printer for #P"/home/zeno/code/seapup/lisp/../templates/main.tpl" created
[2012-10-14 11:00:46 [WARNING]] New template printer for #P"/home/zeno/code/seapup/lisp/../templates/main.tpl" created
[2012-10-14 11:00:46 [WARNING]] Warning while processing connection: New template printer for #P"/home/zeno/code/seapup/lisp/../templates/main.tpl" created
[2012-10-14 14:42:41 [WARNING]] New template printer for #P"/home/zeno/code/seapup/lisp/../templates/main.tpl" created
[2012-10-14 14:42:41 [WARNING]] Warning while processing connection: New template printer for #P"/home/zeno/code/seapup/lisp/../templates/main.tpl" created
[2012-10-14 14:42:41 [ERROR]] The value #P"/home/zeno/code/seapup/lisp/../www" is not of type SEQUENCE.
0: (SB-DEBUG::MAP-BACKTRACE
    #<CLOSURE (LAMBDA #) {1007477F99}>
    :START
    0
    :COUNT
    1152921504606846975)
1: (SB-DEBUG:BACKTRACE
    1152921504606846975
    #<SB-IMPL::STRING-OUTPUT-STREAM {1007477ED1}>)
2: (TRIVIAL-BACKTRACE:PRINT-BACKTRACE-TO-STREAM
    #<SB-IMPL::STRING-OUTPUT-STREAM {1007477ED1}>)
3: (HUNCHENTOOT::GET-BACKTRACE)
4: ((FLET #:LAMBDA271)
    #<TYPE-ERROR
      expected-type: SEQUENCE datum: #P"/home/zeno/code/seapup/lisp/../www">)
5: (SIGNAL
    #<TYPE-ERROR
      expected-type: SEQUENCE datum: #P"/home/zeno/code/seapup/lisp/../www">)
6: (ERROR
    TYPE-ERROR
    :DATUM
    #P"/home/zeno/code/seapup/lisp/../www"
    :EXPECTED-TYPE
    SEQUENCE)
7: (SB-KERNEL::OBJECT-NOT-TYPE-ERROR-HANDLER
    #<unavailable argument>
    #.(SB-SYS:INT-SAP #X7FFFE35DB2C0)
    #<SB-ALIEN-INTERNALS:ALIEN-VALUE :SAP #X7FFFE35DAD00 :TYPE (*
                                                                (SB-ALIEN:STRUCT
                                                                 SB-VM::OS-CONTEXT-T-STRUCT))>
    (405 21))
8: (SB-KERNEL:INTERNAL-ERROR
    #.(SB-SYS:INT-SAP #X7FFFE35DAD00)
    #<unavailable argument>)
9: ("foreign function: call_into_lisp")
10: ("foreign function: funcall2")
11: ("foreign function: interrupt_internal_error")
12: ("foreign function: #x410FDA")
13: (HANDLE-STATIC-PUP "js/jquery.terminal/js/jquery-1.7.1.min.js")
14: ((SB-PCL::FAST-METHOD HANDLE-REQUEST (ACCEPTOR REQUEST))
     #<unavailable argument>
     #<unavailable argument>
     #<ACCEPTOR (host *, port 4242)>
     #<REQUEST {100746DDF1}>)
15: ((SB-PCL::FAST-METHOD PROCESS-REQUEST (T))
     #<unavailable argument>
     #<unavailable argument>
     #<REQUEST {100746DDF1}>)
16: ((SB-PCL::FAST-METHOD PROCESS-CONNECTION (ACCEPTOR T))
     #<unavailable argument>
     #<unavailable argument>
     #<ACCEPTOR (host *, port 4242)>
     #<USOCKET:STREAM-USOCKET {10074342B1}>)
17: ((SB-PCL::FAST-METHOD PROCESS-CONNECTION :AROUND (ACCEPTOR T))
     #<unavailable argument>
     #S(SB-PCL::FAST-METHOD-CALL
        :FUNCTION #<FUNCTION #>
        :PV NIL
        :NEXT-METHOD-CALL NIL
        :ARG-INFO (2))
     #<ACCEPTOR (host *, port 4242)>
     #<USOCKET:STREAM-USOCKET {10074342B1}>)
18: ((LAMBDA ()))
19: ((FLET #:WITHOUT-INTERRUPTS-BODY-[BLOCK359]364))
20: ((FLET SB-THREAD::WITH-MUTEX-THUNK))
21: ((FLET #:WITHOUT-INTERRUPTS-BODY-[CALL-WITH-MUTEX]300))
22: (SB-THREAD::CALL-WITH-MUTEX
     #<CLOSURE (FLET SB-THREAD::WITH-MUTEX-THUNK) {7FFFE35DBCA9}>
     #S(SB-THREAD:MUTEX
        :NAME "thread result lock"
        :%OWNER #<SB-THREAD:THREAD
                  "Hunchentoot worker (client: 127.0.0.1:50480)" RUNNING
                  {1007437C21}>
        :STATE 1)
     #<SB-THREAD:THREAD "Hunchentoot worker (client: 127.0.0.1:50480)" RUNNING
       {1007437C21}>
     T)
23: (SB-THREAD::INITIAL-THREAD-FUNCTION)
24: ("foreign function: call_into_lisp")
25: ("foreign function: new_thread_trampoline")

[2012-10-14 14:42:41 [ERROR]] The value #P"/home/zeno/code/seapup/lisp/../www" is not of type SEQUENCE.
0: (SB-DEBUG::MAP-BACKTRACE
    #<CLOSURE (LAMBDA #) {10074AA6C9}>
    :START
    0
    :COUNT
    1152921504606846975)
1: (SB-DEBUG:BACKTRACE
    1152921504606846975
    #<SB-IMPL::STRING-OUTPUT-STREAM {10074AA601}>)
2: (TRIVIAL-BACKTRACE:PRINT-BACKTRACE-TO-STREAM
    #<SB-IMPL::STRING-OUTPUT-STREAM {10074AA601}>)
3: (HUNCHENTOOT::GET-BACKTRACE)
4: ((FLET #:LAMBDA271)
    #<TYPE-ERROR
      expected-type: SEQUENCE datum: #P"/home/zeno/code/seapup/lisp/../www">)
5: (SIGNAL
    #<TYPE-ERROR
      expected-type: SEQUENCE datum: #P"/home/zeno/code/seapup/lisp/../www">)
6: (ERROR
    TYPE-ERROR
    :DATUM
    #P"/home/zeno/code/seapup/lisp/../www"
    :EXPECTED-TYPE
    SEQUENCE)
7: (SB-KERNEL::OBJECT-NOT-TYPE-ERROR-HANDLER
    #<unavailable argument>
    #.(SB-SYS:INT-SAP #X7FFFE28FD2C0)
    #<SB-ALIEN-INTERNALS:ALIEN-VALUE :SAP #X7FFFE28FCD00 :TYPE (*
                                                                (SB-ALIEN:STRUCT
                                                                 SB-VM::OS-CONTEXT-T-STRUCT))>
    (405 21))
8: (SB-KERNEL:INTERNAL-ERROR
    #.(SB-SYS:INT-SAP #X7FFFE28FCD00)
    #<unavailable argument>)
9: ("foreign function: call_into_lisp")
10: ("foreign function: funcall2")
11: ("foreign function: interrupt_internal_error")
12: ("foreign function: #x410FDA")
13: (HANDLE-STATIC-PUP "js/jquery.terminal/js/jquery.mousewheel-min.js")
14: ((SB-PCL::FAST-METHOD HANDLE-REQUEST (ACCEPTOR REQUEST))
     #<unavailable argument>
     #<unavailable argument>
     #<ACCEPTOR (host *, port 4242)>
     #<REQUEST {100749BDF1}>)
15: ((SB-PCL::FAST-METHOD PROCESS-REQUEST (T))
     #<unavailable argument>
     #<unavailable argument>
     #<REQUEST {100749BDF1}>)
16: ((SB-PCL::FAST-METHOD PROCESS-CONNECTION (ACCEPTOR T))
     #<unavailable argument>
     #<unavailable argument>
     #<ACCEPTOR (host *, port 4242)>
     #<USOCKET:STREAM-USOCKET {1007456FE1}>)
17: ((SB-PCL::FAST-METHOD PROCESS-CONNECTION :AROUND (ACCEPTOR T))
     #<unavailable argument>
     #S(SB-PCL::FAST-METHOD-CALL
        :FUNCTION #<FUNCTION #>
        :PV NIL
        :NEXT-METHOD-CALL NIL
        :ARG-INFO (2))
     #<ACCEPTOR (host *, port 4242)>
     #<USOCKET:STREAM-USOCKET {1007456FE1}>)
18: ((LAMBDA ()))
19: ((FLET #:WITHOUT-INTERRUPTS-BODY-[BLOCK359]364))
20: ((FLET SB-THREAD::WITH-MUTEX-THUNK))
21: ((FLET #:WITHOUT-INTERRUPTS-BODY-[CALL-WITH-MUTEX]300))
22: (SB-THREAD::CALL-WITH-MUTEX
     #<CLOSURE (FLET SB-THREAD::WITH-MUTEX-THUNK) {7FFFE28FDCA9}>
     #S(SB-THREAD:MUTEX
        :NAME "thread result lock"
        :%OWNER #<SB-THREAD:THREAD
                  "Hunchentoot worker (client: 127.0.0.1:50481)" RUNNING
                  {100747C061}>
        :STATE 1)
     #<SB-THREAD:THREAD "Hunchentoot worker (client: 127.0.0.1:50481)" RUNNING
       {100747C061}>
     T)
23: (SB-THREAD::INITIAL-THREAD-FUNCTION)
24: ("foreign function: call_into_lisp")
25: ("foreign function: new_thread_trampoline")

[2012-10-14 14:42:41 [ERROR]] The value #P"/home/zeno/code/seapup/lisp/../www" is not of type SEQUENCE.
0: (SB-DEBUG::MAP-BACKTRACE
    #<CLOSURE (LAMBDA #) {100753FE09}>
    :START
    0
    :COUNT
    1152921504606846975)
1: (SB-DEBUG:BACKTRACE
    1152921504606846975
    #<SB-IMPL::STRING-OUTPUT-STREAM {100753FD41}>)
2: (TRIVIAL-BACKTRACE:PRINT-BACKTRACE-TO-STREAM
    #<SB-IMPL::STRING-OUTPUT-STREAM {100753FD41}>)
3: (HUNCHENTOOT::GET-BACKTRACE)
4: ((FLET #:LAMBDA271)
    #<TYPE-ERROR
      expected-type: SEQUENCE datum: #P"/home/zeno/code/seapup/lisp/../www">)
5: (SIGNAL
    #<TYPE-ERROR
      expected-type: SEQUENCE datum: #P"/home/zeno/code/seapup/lisp/../www">)
6: (ERROR
    TYPE-ERROR
    :DATUM
    #P"/home/zeno/code/seapup/lisp/../www"
    :EXPECTED-TYPE
    SEQUENCE)
7: (SB-KERNEL::OBJECT-NOT-TYPE-ERROR-HANDLER
    #<unavailable argument>
    #.(SB-SYS:INT-SAP #X7FFFE24B32C0)
    #<SB-ALIEN-INTERNALS:ALIEN-VALUE :SAP #X7FFFE24B2D00 :TYPE (*
                                                                (SB-ALIEN:STRUCT
                                                                 SB-VM::OS-CONTEXT-T-STRUCT))>
    (405 21))
8: (SB-KERNEL:INTERNAL-ERROR
    #.(SB-SYS:INT-SAP #X7FFFE24B2D00)
    #<unavailable argument>)
9: ("foreign function: call_into_lisp")
10: ("foreign function: funcall2")
11: ("foreign function: interrupt_internal_error")
12: ("foreign function: #x410FDA")
13: (HANDLE-STATIC-PUP "js/jquery.terminal/js/jquery.terminal-min.js")
14: ((SB-PCL::FAST-METHOD HANDLE-REQUEST (ACCEPTOR REQUEST))
     #<unavailable argument>
     #<unavailable argument>
     #<ACCEPTOR (host *, port 4242)>
     #<REQUEST {1007537311}>)
15: ((SB-PCL::FAST-METHOD PROCESS-REQUEST (T))
     #<unavailable argument>
     #<unavailable argument>
     #<REQUEST {1007537311}>)
16: ((SB-PCL::FAST-METHOD PROCESS-CONNECTION (ACCEPTOR T))
     #<unavailable argument>
     #<unavailable argument>
     #<ACCEPTOR (host *, port 4242)>
     #<USOCKET:STREAM-USOCKET {1007494C91}>)
17: ((SB-PCL::FAST-METHOD PROCESS-CONNECTION :AROUND (ACCEPTOR T))
     #<unavailable argument>
     #S(SB-PCL::FAST-METHOD-CALL
        :FUNCTION #<FUNCTION #>
        :PV NIL
        :NEXT-METHOD-CALL NIL
        :ARG-INFO (2))
     #<ACCEPTOR (host *, port 4242)>
     #<USOCKET:STREAM-USOCKET {1007494C91}>)
18: ((LAMBDA ()))
19: ((FLET #:WITHOUT-INTERRUPTS-BODY-[BLOCK359]364))
20: ((FLET SB-THREAD::WITH-MUTEX-THUNK))
21: ((FLET #:WITHOUT-INTERRUPTS-BODY-[CALL-WITH-MUTEX]300))
22: (SB-THREAD::CALL-WITH-MUTEX
     #<CLOSURE (FLET SB-THREAD::WITH-MUTEX-THUNK) {7FFFE24B3CA9}>
     #S(SB-THREAD:MUTEX
        :NAME "thread result lock"
        :%OWNER #<SB-THREAD:THREAD
                  "Hunchentoot worker (client: 127.0.0.1:50482)" RUNNING
                  {1007496691}>
        :STATE 1)
     #<SB-THREAD:THREAD "Hunchentoot worker (client: 127.0.0.1:50482)" RUNNING
       {1007496691}>
     T)
23: (SB-THREAD::INITIAL-THREAD-FUNCTION)
24: ("foreign function: call_into_lisp")
25: ("foreign function: new_thread_trampoline")

[2012-10-14 14:42:41 [ERROR]] The value #P"/home/zeno/code/seapup/lisp/../www" is not of type SEQUENCE.
0: (SB-DEBUG::MAP-BACKTRACE
    #<CLOSURE (LAMBDA #) {1002C61C59}>
    :START
    0
    :COUNT
    1152921504606846975)
1: (SB-DEBUG:BACKTRACE
    1152921504606846975
    #<SB-IMPL::STRING-OUTPUT-STREAM {1002C61B91}>)
2: (TRIVIAL-BACKTRACE:PRINT-BACKTRACE-TO-STREAM
    #<SB-IMPL::STRING-OUTPUT-STREAM {1002C61B91}>)
3: (HUNCHENTOOT::GET-BACKTRACE)
4: ((FLET #:LAMBDA271)
    #<TYPE-ERROR
      expected-type: SEQUENCE datum: #P"/home/zeno/code/seapup/lisp/../www">)
5: (SIGNAL
    #<TYPE-ERROR
      expected-type: SEQUENCE datum: #P"/home/zeno/code/seapup/lisp/../www">)
6: (ERROR
    TYPE-ERROR
    :DATUM
    #P"/home/zeno/code/seapup/lisp/../www"
    :EXPECTED-TYPE
    SEQUENCE)
7: (SB-KERNEL::OBJECT-NOT-TYPE-ERROR-HANDLER
    #<unavailable argument>
    #.(SB-SYS:INT-SAP #X7FFFE20692C0)
    #<SB-ALIEN-INTERNALS:ALIEN-VALUE :SAP #X7FFFE2068D00 :TYPE (*
                                                                (SB-ALIEN:STRUCT
                                                                 SB-VM::OS-CONTEXT-T-STRUCT))>
    (405 21))
8: (SB-KERNEL:INTERNAL-ERROR
    #.(SB-SYS:INT-SAP #X7FFFE2068D00)
    #<unavailable argument>)
9: ("foreign function: call_into_lisp")
10: ("foreign function: funcall2")
11: ("foreign function: interrupt_internal_error")
12: ("foreign function: #x410FDA")
13: (HANDLE-STATIC-PUP "js/jquery.terminal/js/jquery.terminal.css")
14: ((SB-PCL::FAST-METHOD HANDLE-REQUEST (ACCEPTOR REQUEST))
     #<unavailable argument>
     #<unavailable argument>
     #<ACCEPTOR (host *, port 4242)>
     #<REQUEST {1002C58311}>)
15: ((SB-PCL::FAST-METHOD PROCESS-REQUEST (T))
     #<unavailable argument>
     #<unavailable argument>
     #<REQUEST {1002C58311}>)
16: ((SB-PCL::FAST-METHOD PROCESS-CONNECTION (ACCEPTOR T))
     #<unavailable argument>
     #<unavailable argument>
     #<ACCEPTOR (host *, port 4242)>
     #<USOCKET:STREAM-USOCKET {10075310D1}>)
17: ((SB-PCL::FAST-METHOD PROCESS-CONNECTION :AROUND (ACCEPTOR T))
     #<unavailable argument>
     #S(SB-PCL::FAST-METHOD-CALL
        :FUNCTION #<FUNCTION #>
        :PV NIL
        :NEXT-METHOD-CALL NIL
        :ARG-INFO (2))
     #<ACCEPTOR (host *, port 4242)>
     #<USOCKET:STREAM-USOCKET {10075310D1}>)
18: ((LAMBDA ()))
19: ((FLET #:WITHOUT-INTERRUPTS-BODY-[BLOCK359]364))
20: ((FLET SB-THREAD::WITH-MUTEX-THUNK))
21: ((FLET #:WITHOUT-INTERRUPTS-BODY-[CALL-WITH-MUTEX]300))
22: (SB-THREAD::CALL-WITH-MUTEX
     #<CLOSURE (FLET SB-THREAD::WITH-MUTEX-THUNK) {7FFFE2069CA9}>
     #S(SB-THREAD:MUTEX
        :NAME "thread result lock"
        :%OWNER #<SB-THREAD:THREAD
                  "Hunchentoot worker (client: 127.0.0.1:50483)" RUNNING
                  {1007532AC1}>
        :STATE 1)
     #<SB-THREAD:THREAD "Hunchentoot worker (client: 127.0.0.1:50483)" RUNNING
       {1007532AC1}>
     T)
23: (SB-THREAD::INITIAL-THREAD-FUNCTION)
24: ("foreign function: call_into_lisp")
25: ("foreign function: new_thread_trampoline")

[2012-10-14 14:42:43 [WARNING]] New template printer for #P"/home/zeno/code/seapup/lisp/../templates/main.tpl" created
[2012-10-14 14:42:43 [WARNING]] Warning while processing connection: New template printer for #P"/home/zeno/code/seapup/lisp/../templates/main.tpl" created
[2012-10-14 14:42:43 [ERROR]] The value #P"/home/zeno/code/seapup/lisp/../www" is not of type SEQUENCE.
0: (SB-DEBUG::MAP-BACKTRACE
    #<CLOSURE (LAMBDA #) {1002D3D1E9}>
    :START
    0
    :COUNT
    1152921504606846975)
1: (SB-DEBUG:BACKTRACE
    1152921504606846975
    #<SB-IMPL::STRING-OUTPUT-STREAM {1002D3D121}>)
2: (TRIVIAL-BACKTRACE:PRINT-BACKTRACE-TO-STREAM
    #<SB-IMPL::STRING-OUTPUT-STREAM {1002D3D121}>)
3: (HUNCHENTOOT::GET-BACKTRACE)
4: ((FLET #:LAMBDA271)
    #<TYPE-ERROR
      expected-type: SEQUENCE datum: #P"/home/zeno/code/seapup/lisp/../www">)
5: (SIGNAL
    #<TYPE-ERROR
      expected-type: SEQUENCE datum: #P"/home/zeno/code/seapup/lisp/../www">)
6: (ERROR
    TYPE-ERROR
    :DATUM
    #P"/home/zeno/code/seapup/lisp/../www"
    :EXPECTED-TYPE
    SEQUENCE)
7: (SB-KERNEL::OBJECT-NOT-TYPE-ERROR-HANDLER
    #<unavailable argument>
    #.(SB-SYS:INT-SAP #X7FFFE24B32C0)
    #<SB-ALIEN-INTERNALS:ALIEN-VALUE :SAP #X7FFFE24B2D00 :TYPE (*
                                                                (SB-ALIEN:STRUCT
                                                                 SB-VM::OS-CONTEXT-T-STRUCT))>
    (405 21))
8: (SB-KERNEL:INTERNAL-ERROR
    #.(SB-SYS:INT-SAP #X7FFFE24B2D00)
    #<unavailable argument>)
9: ("foreign function: call_into_lisp")
10: ("foreign function: funcall2")
11: ("foreign function: interrupt_internal_error")
12: ("foreign function: #x410FDA")
13: (HANDLE-STATIC-PUP "js/jquery.terminal/js/jquery-1.7.1.min.js")
14: ((SB-PCL::FAST-METHOD HANDLE-REQUEST (ACCEPTOR REQUEST))
     #<unavailable argument>
     #<unavailable argument>
     #<ACCEPTOR (host *, port 4242)>
     #<REQUEST {1002D34861}>)
15: ((SB-PCL::FAST-METHOD PROCESS-REQUEST (T))
     #<unavailable argument>
     #<unavailable argument>
     #<REQUEST {1002D34861}>)
16: ((SB-PCL::FAST-METHOD PROCESS-CONNECTION (ACCEPTOR T))
     #<unavailable argument>
     #<unavailable argument>
     #<ACCEPTOR (host *, port 4242)>
     #<USOCKET:STREAM-USOCKET {1007494C91}>)
17: ((SB-PCL::FAST-METHOD PROCESS-CONNECTION :AROUND (ACCEPTOR T))
     #<unavailable argument>
     #S(SB-PCL::FAST-METHOD-CALL
        :FUNCTION #<FUNCTION #>
        :PV NIL
        :NEXT-METHOD-CALL NIL
        :ARG-INFO (2))
     #<ACCEPTOR (host *, port 4242)>
     #<USOCKET:STREAM-USOCKET {1007494C91}>)
18: ((LAMBDA ()))
19: ((FLET #:WITHOUT-INTERRUPTS-BODY-[BLOCK359]364))
20: ((FLET SB-THREAD::WITH-MUTEX-THUNK))
21: ((FLET #:WITHOUT-INTERRUPTS-BODY-[CALL-WITH-MUTEX]300))
22: (SB-THREAD::CALL-WITH-MUTEX
     #<CLOSURE (FLET SB-THREAD::WITH-MUTEX-THUNK) {7FFFE24B3CA9}>
     #S(SB-THREAD:MUTEX
        :NAME "thread result lock"
        :%OWNER #<SB-THREAD:THREAD
                  "Hunchentoot worker (client: 127.0.0.1:50482)" RUNNING
                  {1007496691}>
        :STATE 1)
     #<SB-THREAD:THREAD "Hunchentoot worker (client: 127.0.0.1:50482)" RUNNING
       {1007496691}>
     T)
23: (SB-THREAD::INITIAL-THREAD-FUNCTION)
24: ("foreign function: call_into_lisp")
25: ("foreign function: new_thread_trampoline")

[2012-10-14 14:42:43 [ERROR]] The value #P"/home/zeno/code/seapup/lisp/../www" is not of type SEQUENCE.
0: (SB-DEBUG::MAP-BACKTRACE
    #<CLOSURE (LAMBDA #) {1002DB4729}>
    :START
    0
    :COUNT
    1152921504606846975)
1: (SB-DEBUG:BACKTRACE
    1152921504606846975
    #<SB-IMPL::STRING-OUTPUT-STREAM {1002DB4661}>)
2: (TRIVIAL-BACKTRACE:PRINT-BACKTRACE-TO-STREAM
    #<SB-IMPL::STRING-OUTPUT-STREAM {1002DB4661}>)
3: (HUNCHENTOOT::GET-BACKTRACE)
4: ((FLET #:LAMBDA271)
    #<TYPE-ERROR
      expected-type: SEQUENCE datum: #P"/home/zeno/code/seapup/lisp/../www">)
5: (SIGNAL
    #<TYPE-ERROR
      expected-type: SEQUENCE datum: #P"/home/zeno/code/seapup/lisp/../www">)
6: (ERROR
    TYPE-ERROR
    :DATUM
    #P"/home/zeno/code/seapup/lisp/../www"
    :EXPECTED-TYPE
    SEQUENCE)
7: (SB-KERNEL::OBJECT-NOT-TYPE-ERROR-HANDLER
    #<unavailable argument>
    #.(SB-SYS:INT-SAP #X7FFFE20692C0)
    #<SB-ALIEN-INTERNALS:ALIEN-VALUE :SAP #X7FFFE2068D00 :TYPE (*
                                                                (SB-ALIEN:STRUCT
                                                                 SB-VM::OS-CONTEXT-T-STRUCT))>
    (405 21))
8: (SB-KERNEL:INTERNAL-ERROR
    #.(SB-SYS:INT-SAP #X7FFFE2068D00)
    #<unavailable argument>)
9: ("foreign function: call_into_lisp")
10: ("foreign function: funcall2")
11: ("foreign function: interrupt_internal_error")
12: ("foreign function: #x410FDA")
13: (HANDLE-STATIC-PUP "js/jquery.terminal/js/jquery.mousewheel-min.js")
14: ((SB-PCL::FAST-METHOD HANDLE-REQUEST (ACCEPTOR REQUEST))
     #<unavailable argument>
     #<unavailable argument>
     #<ACCEPTOR (host *, port 4242)>
     #<REQUEST {1002DABC41}>)
15: ((SB-PCL::FAST-METHOD PROCESS-REQUEST (T))
     #<unavailable argument>
     #<unavailable argument>
     #<REQUEST {1002DABC41}>)
16: ((SB-PCL::FAST-METHOD PROCESS-CONNECTION (ACCEPTOR T))
     #<unavailable argument>
     #<unavailable argument>
     #<ACCEPTOR (host *, port 4242)>
     #<USOCKET:STREAM-USOCKET {10075310D1}>)
17: ((SB-PCL::FAST-METHOD PROCESS-CONNECTION :AROUND (ACCEPTOR T))
     #<unavailable argument>
     #S(SB-PCL::FAST-METHOD-CALL
        :FUNCTION #<FUNCTION #>
        :PV NIL
        :NEXT-METHOD-CALL NIL
        :ARG-INFO (2))
     #<ACCEPTOR (host *, port 4242)>
     #<USOCKET:STREAM-USOCKET {10075310D1}>)
18: ((LAMBDA ()))
19: ((FLET #:WITHOUT-INTERRUPTS-BODY-[BLOCK359]364))
20: ((FLET SB-THREAD::WITH-MUTEX-THUNK))
21: ((FLET #:WITHOUT-INTERRUPTS-BODY-[CALL-WITH-MUTEX]300))
22: (SB-THREAD::CALL-WITH-MUTEX
     #<CLOSURE (FLET SB-THREAD::WITH-MUTEX-THUNK) {7FFFE2069CA9}>
     #S(SB-THREAD:MUTEX
        :NAME "thread result lock"
        :%OWNER #<SB-THREAD:THREAD
                  "Hunchentoot worker (client: 127.0.0.1:50483)" RUNNING
                  {1007532AC1}>
        :STATE 1)
     #<SB-THREAD:THREAD "Hunchentoot worker (client: 127.0.0.1:50483)" RUNNING
       {1007532AC1}>
     T)
23: (SB-THREAD::INITIAL-THREAD-FUNCTION)
24: ("foreign function: call_into_lisp")
25: ("foreign function: new_thread_trampoline")

[2012-10-14 14:42:43 [ERROR]] The value #P"/home/zeno/code/seapup/lisp/../www" is not of type SEQUENCE.
0: (SB-DEBUG::MAP-BACKTRACE
    #<CLOSURE (LAMBDA #) {1002E00579}>
    :START
    0
    :COUNT
    1152921504606846975)
1: (SB-DEBUG:BACKTRACE
    1152921504606846975
    #<SB-IMPL::STRING-OUTPUT-STREAM {1002E004B1}>)
2: (TRIVIAL-BACKTRACE:PRINT-BACKTRACE-TO-STREAM
    #<SB-IMPL::STRING-OUTPUT-STREAM {1002E004B1}>)
3: (HUNCHENTOOT::GET-BACKTRACE)
4: ((FLET #:LAMBDA271)
    #<TYPE-ERROR
      expected-type: SEQUENCE datum: #P"/home/zeno/code/seapup/lisp/../www">)
5: (SIGNAL
    #<TYPE-ERROR
      expected-type: SEQUENCE datum: #P"/home/zeno/code/seapup/lisp/../www">)
6: (ERROR
    TYPE-ERROR
    :DATUM
    #P"/home/zeno/code/seapup/lisp/../www"
    :EXPECTED-TYPE
    SEQUENCE)
7: (SB-KERNEL::OBJECT-NOT-TYPE-ERROR-HANDLER
    #<unavailable argument>
    #.(SB-SYS:INT-SAP #X7FFFE28FD2C0)
    #<SB-ALIEN-INTERNALS:ALIEN-VALUE :SAP #X7FFFE28FCD00 :TYPE (*
                                                                (SB-ALIEN:STRUCT
                                                                 SB-VM::OS-CONTEXT-T-STRUCT))>
    (405 21))
8: (SB-KERNEL:INTERNAL-ERROR
    #.(SB-SYS:INT-SAP #X7FFFE28FCD00)
    #<unavailable argument>)
9: ("foreign function: call_into_lisp")
10: ("foreign function: funcall2")
11: ("foreign function: interrupt_internal_error")
12: ("foreign function: #x410FDA")
13: (HANDLE-STATIC-PUP "js/jquery.terminal/js/jquery.terminal-min.js")
14: ((SB-PCL::FAST-METHOD HANDLE-REQUEST (ACCEPTOR REQUEST))
     #<unavailable argument>
     #<unavailable argument>
     #<ACCEPTOR (host *, port 4242)>
     #<REQUEST {1002DF7C41}>)
15: ((SB-PCL::FAST-METHOD PROCESS-REQUEST (T))
     #<unavailable argument>
     #<unavailable argument>
     #<REQUEST {1002DF7C41}>)
16: ((SB-PCL::FAST-METHOD PROCESS-CONNECTION (ACCEPTOR T))
     #<unavailable argument>
     #<unavailable argument>
     #<ACCEPTOR (host *, port 4242)>
     #<USOCKET:STREAM-USOCKET {1007456FE1}>)
17: ((SB-PCL::FAST-METHOD PROCESS-CONNECTION :AROUND (ACCEPTOR T))
     #<unavailable argument>
     #S(SB-PCL::FAST-METHOD-CALL
        :FUNCTION #<FUNCTION #>
        :PV NIL
        :NEXT-METHOD-CALL NIL
        :ARG-INFO (2))
     #<ACCEPTOR (host *, port 4242)>
     #<USOCKET:STREAM-USOCKET {1007456FE1}>)
18: ((LAMBDA ()))
19: ((FLET #:WITHOUT-INTERRUPTS-BODY-[BLOCK359]364))
20: ((FLET SB-THREAD::WITH-MUTEX-THUNK))
21: ((FLET #:WITHOUT-INTERRUPTS-BODY-[CALL-WITH-MUTEX]300))
22: (SB-THREAD::CALL-WITH-MUTEX
     #<CLOSURE (FLET SB-THREAD::WITH-MUTEX-THUNK) {7FFFE28FDCA9}>
     #S(SB-THREAD:MUTEX
        :NAME "thread result lock"
        :%OWNER #<SB-THREAD:THREAD
                  "Hunchentoot worker (client: 127.0.0.1:50481)" RUNNING
                  {100747C061}>
        :STATE 1)
     #<SB-THREAD:THREAD "Hunchentoot worker (client: 127.0.0.1:50481)" RUNNING
       {100747C061}>
     T)
23: (SB-THREAD::INITIAL-THREAD-FUNCTION)
24: ("foreign function: call_into_lisp")
25: ("foreign function: new_thread_trampoline")

[2012-10-14 14:42:43 [ERROR]] The value #P"/home/zeno/code/seapup/lisp/../www" is not of type SEQUENCE.
0: (SB-DEBUG::MAP-BACKTRACE
    #<CLOSURE (LAMBDA #) {1002E631E9}>
    :START
    0
    :COUNT
    1152921504606846975)
1: (SB-DEBUG:BACKTRACE
    1152921504606846975
    #<SB-IMPL::STRING-OUTPUT-STREAM {1002E63121}>)
2: (TRIVIAL-BACKTRACE:PRINT-BACKTRACE-TO-STREAM
    #<SB-IMPL::STRING-OUTPUT-STREAM {1002E63121}>)
3: (HUNCHENTOOT::GET-BACKTRACE)
4: ((FLET #:LAMBDA271)
    #<TYPE-ERROR
      expected-type: SEQUENCE datum: #P"/home/zeno/code/seapup/lisp/../www">)
5: (SIGNAL
    #<TYPE-ERROR
      expected-type: SEQUENCE datum: #P"/home/zeno/code/seapup/lisp/../www">)
6: (ERROR
    TYPE-ERROR
    :DATUM
    #P"/home/zeno/code/seapup/lisp/../www"
    :EXPECTED-TYPE
    SEQUENCE)
7: (SB-KERNEL::OBJECT-NOT-TYPE-ERROR-HANDLER
    #<unavailable argument>
    #.(SB-SYS:INT-SAP #X7FFFE24B32C0)
    #<SB-ALIEN-INTERNALS:ALIEN-VALUE :SAP #X7FFFE24B2D00 :TYPE (*
                                                                (SB-ALIEN:STRUCT
                                                                 SB-VM::OS-CONTEXT-T-STRUCT))>
    (405 21))
8: (SB-KERNEL:INTERNAL-ERROR
    #.(SB-SYS:INT-SAP #X7FFFE24B2D00)
    #<unavailable argument>)
9: ("foreign function: call_into_lisp")
10: ("foreign function: funcall2")
11: ("foreign function: interrupt_internal_error")
12: ("foreign function: #x410FDA")
13: (HANDLE-STATIC-PUP "js/jquery.terminal/js/jquery.terminal.css")
14: ((SB-PCL::FAST-METHOD HANDLE-REQUEST (ACCEPTOR REQUEST))
     #<unavailable argument>
     #<unavailable argument>
     #<ACCEPTOR (host *, port 4242)>
     #<REQUEST {1002E5A4F1}>)
15: ((SB-PCL::FAST-METHOD PROCESS-REQUEST (T))
     #<unavailable argument>
     #<unavailable argument>
     #<REQUEST {1002E5A4F1}>)
16: ((SB-PCL::FAST-METHOD PROCESS-CONNECTION (ACCEPTOR T))
     #<unavailable argument>
     #<unavailable argument>
     #<ACCEPTOR (host *, port 4242)>
     #<USOCKET:STREAM-USOCKET {1007494C91}>)
17: ((SB-PCL::FAST-METHOD PROCESS-CONNECTION :AROUND (ACCEPTOR T))
     #<unavailable argument>
     #S(SB-PCL::FAST-METHOD-CALL
        :FUNCTION #<FUNCTION #>
        :PV NIL
        :NEXT-METHOD-CALL NIL
        :ARG-INFO (2))
     #<ACCEPTOR (host *, port 4242)>
     #<USOCKET:STREAM-USOCKET {1007494C91}>)
18: ((LAMBDA ()))
19: ((FLET #:WITHOUT-INTERRUPTS-BODY-[BLOCK359]364))
20: ((FLET SB-THREAD::WITH-MUTEX-THUNK))
21: ((FLET #:WITHOUT-INTERRUPTS-BODY-[CALL-WITH-MUTEX]300))
22: (SB-THREAD::CALL-WITH-MUTEX
     #<CLOSURE (FLET SB-THREAD::WITH-MUTEX-THUNK) {7FFFE24B3CA9}>
     #S(SB-THREAD:MUTEX
        :NAME "thread result lock"
        :%OWNER #<SB-THREAD:THREAD
                  "Hunchentoot worker (client: 127.0.0.1:50482)" RUNNING
                  {1007496691}>
        :STATE 1)
     #<SB-THREAD:THREAD "Hunchentoot worker (client: 127.0.0.1:50482)" RUNNING
       {1007496691}>
     T)
23: (SB-THREAD::INITIAL-THREAD-FUNCTION)
24: ("foreign function: call_into_lisp")
25: ("foreign function: new_thread_trampoline")

[2012-10-14 14:42:43 [ERROR]] The value #P"/home/zeno/code/seapup/lisp/../www" is not of type SEQUENCE.
0: (SB-DEBUG::MAP-BACKTRACE
    #<CLOSURE (LAMBDA #) {1002FAF1E9}>
    :START
    0
    :COUNT
    1152921504606846975)
1: (SB-DEBUG:BACKTRACE
    1152921504606846975
    #<SB-IMPL::STRING-OUTPUT-STREAM {1002FAF121}>)
2: (TRIVIAL-BACKTRACE:PRINT-BACKTRACE-TO-STREAM
    #<SB-IMPL::STRING-OUTPUT-STREAM {1002FAF121}>)
3: (HUNCHENTOOT::GET-BACKTRACE)
4: ((FLET #:LAMBDA271)
    #<TYPE-ERROR
      expected-type: SEQUENCE datum: #P"/home/zeno/code/seapup/lisp/../www">)
5: (SIGNAL
    #<TYPE-ERROR
      expected-type: SEQUENCE datum: #P"/home/zeno/code/seapup/lisp/../www">)
6: (ERROR
    TYPE-ERROR
    :DATUM
    #P"/home/zeno/code/seapup/lisp/../www"
    :EXPECTED-TYPE
    SEQUENCE)
7: (SB-KERNEL::OBJECT-NOT-TYPE-ERROR-HANDLER
    #<unavailable argument>
    #.(SB-SYS:INT-SAP #X7FFFE20692C0)
    #<SB-ALIEN-INTERNALS:ALIEN-VALUE :SAP #X7FFFE2068D00 :TYPE (*
                                                                (SB-ALIEN:STRUCT
                                                                 SB-VM::OS-CONTEXT-T-STRUCT))>
    (405 21))
8: (SB-KERNEL:INTERNAL-ERROR
    #.(SB-SYS:INT-SAP #X7FFFE2068D00)
    #<unavailable argument>)
9: ("foreign function: call_into_lisp")
10: ("foreign function: funcall2")
11: ("foreign function: interrupt_internal_error")
12: ("foreign function: #x410FDA")
13: (HANDLE-STATIC-PUP "js/jquery.terminal/js/jquery.mousewheel-min.js")
14: ((SB-PCL::FAST-METHOD HANDLE-REQUEST (ACCEPTOR REQUEST))
     #<unavailable argument>
     #<unavailable argument>
     #<ACCEPTOR (host *, port 4242)>
     #<REQUEST {1002FA34F1}>)
15: ((SB-PCL::FAST-METHOD PROCESS-REQUEST (T))
     #<unavailable argument>
     #<unavailable argument>
     #<REQUEST {1002FA34F1}>)
16: ((SB-PCL::FAST-METHOD PROCESS-CONNECTION (ACCEPTOR T))
     #<unavailable argument>
     #<unavailable argument>
     #<ACCEPTOR (host *, port 4242)>
     #<USOCKET:STREAM-USOCKET {10075310D1}>)
17: ((SB-PCL::FAST-METHOD PROCESS-CONNECTION :AROUND (ACCEPTOR T))
     #<unavailable argument>
     #S(SB-PCL::FAST-METHOD-CALL
        :FUNCTION #<FUNCTION #>
        :PV NIL
        :NEXT-METHOD-CALL NIL
        :ARG-INFO (2))
     #<ACCEPTOR (host *, port 4242)>
     #<USOCKET:STREAM-USOCKET {10075310D1}>)
18: ((LAMBDA ()))
19: ((FLET #:WITHOUT-INTERRUPTS-BODY-[BLOCK359]364))
20: ((FLET SB-THREAD::WITH-MUTEX-THUNK))
21: ((FLET #:WITHOUT-INTERRUPTS-BODY-[CALL-WITH-MUTEX]300))
22: (SB-THREAD::CALL-WITH-MUTEX
     #<CLOSURE (FLET SB-THREAD::WITH-MUTEX-THUNK) {7FFFE2069CA9}>
     #S(SB-THREAD:MUTEX
        :NAME "thread result lock"
        :%OWNER #<SB-THREAD:THREAD
                  "Hunchentoot worker (client: 127.0.0.1:50483)" RUNNING
                  {1007532AC1}>
        :STATE 1)
     #<SB-THREAD:THREAD "Hunchentoot worker (client: 127.0.0.1:50483)" RUNNING
       {1007532AC1}>
     T)
23: (SB-THREAD::INITIAL-THREAD-FUNCTION)
24: ("foreign function: call_into_lisp")
25: ("foreign function: new_thread_trampoline")

[2012-10-14 14:42:43 [ERROR]] The value #P"/home/zeno/code/seapup/lisp/../www" is not of type SEQUENCE.
0: (SB-DEBUG::MAP-BACKTRACE
    #<CLOSURE (LAMBDA #) {100303E739}>
    :START
    0
    :COUNT
    1152921504606846975)
1: (SB-DEBUG:BACKTRACE
    1152921504606846975
    #<SB-IMPL::STRING-OUTPUT-STREAM {100303E671}>)
2: (TRIVIAL-BACKTRACE:PRINT-BACKTRACE-TO-STREAM
    #<SB-IMPL::STRING-OUTPUT-STREAM {100303E671}>)
3: (HUNCHENTOOT::GET-BACKTRACE)
4: ((FLET #:LAMBDA271)
    #<TYPE-ERROR
      expected-type: SEQUENCE datum: #P"/home/zeno/code/seapup/lisp/../www">)
5: (SIGNAL
    #<TYPE-ERROR
      expected-type: SEQUENCE datum: #P"/home/zeno/code/seapup/lisp/../www">)
6: (ERROR
    TYPE-ERROR
    :DATUM
    #P"/home/zeno/code/seapup/lisp/../www"
    :EXPECTED-TYPE
    SEQUENCE)
7: (SB-KERNEL::OBJECT-NOT-TYPE-ERROR-HANDLER
    #<unavailable argument>
    #.(SB-SYS:INT-SAP #X7FFFE28FD2C0)
    #<SB-ALIEN-INTERNALS:ALIEN-VALUE :SAP #X7FFFE28FCD00 :TYPE (*
                                                                (SB-ALIEN:STRUCT
                                                                 SB-VM::OS-CONTEXT-T-STRUCT))>
    (405 21))
8: (SB-KERNEL:INTERNAL-ERROR
    #.(SB-SYS:INT-SAP #X7FFFE28FCD00)
    #<unavailable argument>)
9: ("foreign function: call_into_lisp")
10: ("foreign function: funcall2")
11: ("foreign function: interrupt_internal_error")
12: ("foreign function: #x410FDA")
13: (HANDLE-STATIC-PUP "js/jquery.terminal/js/jquery.terminal-min.js")
14: ((SB-PCL::FAST-METHOD HANDLE-REQUEST (ACCEPTOR REQUEST))
     #<unavailable argument>
     #<unavailable argument>
     #<ACCEPTOR (host *, port 4242)>
     #<REQUEST {1003032DE1}>)
15: ((SB-PCL::FAST-METHOD PROCESS-REQUEST (T))
     #<unavailable argument>
     #<unavailable argument>
     #<REQUEST {1003032DE1}>)
16: ((SB-PCL::FAST-METHOD PROCESS-CONNECTION (ACCEPTOR T))
     #<unavailable argument>
     #<unavailable argument>
     #<ACCEPTOR (host *, port 4242)>
     #<USOCKET:STREAM-USOCKET {1007456FE1}>)
17: ((SB-PCL::FAST-METHOD PROCESS-CONNECTION :AROUND (ACCEPTOR T))
     #<unavailable argument>
     #S(SB-PCL::FAST-METHOD-CALL
        :FUNCTION #<FUNCTION #>
        :PV NIL
        :NEXT-METHOD-CALL NIL
        :ARG-INFO (2))
     #<ACCEPTOR (host *, port 4242)>
     #<USOCKET:STREAM-USOCKET {1007456FE1}>)
18: ((LAMBDA ()))
19: ((FLET #:WITHOUT-INTERRUPTS-BODY-[BLOCK359]364))
20: ((FLET SB-THREAD::WITH-MUTEX-THUNK))
21: ((FLET #:WITHOUT-INTERRUPTS-BODY-[CALL-WITH-MUTEX]300))
22: (SB-THREAD::CALL-WITH-MUTEX
     #<CLOSURE (FLET SB-THREAD::WITH-MUTEX-THUNK) {7FFFE28FDCA9}>
     #S(SB-THREAD:MUTEX
        :NAME "thread result lock"
        :%OWNER #<SB-THREAD:THREAD
                  "Hunchentoot worker (client: 127.0.0.1:50481)" RUNNING
                  {100747C061}>
        :STATE 1)
     #<SB-THREAD:THREAD "Hunchentoot worker (client: 127.0.0.1:50481)" RUNNING
       {100747C061}>
     T)
23: (SB-THREAD::INITIAL-THREAD-FUNCTION)
24: ("foreign function: call_into_lisp")
25: ("foreign function: new_thread_trampoline")

[2012-10-14 14:42:43 [ERROR]] The value #P"/home/zeno/code/seapup/lisp/../www" is not of type SEQUENCE.
0: (SB-DEBUG::MAP-BACKTRACE
    #<CLOSURE (LAMBDA #) {10030C4739}>
    :START
    0
    :COUNT
    1152921504606846975)
1: (SB-DEBUG:BACKTRACE
    1152921504606846975
    #<SB-IMPL::STRING-OUTPUT-STREAM {10030C4671}>)
2: (TRIVIAL-BACKTRACE:PRINT-BACKTRACE-TO-STREAM
    #<SB-IMPL::STRING-OUTPUT-STREAM {10030C4671}>)
3: (HUNCHENTOOT::GET-BACKTRACE)
4: ((FLET #:LAMBDA271)
    #<TYPE-ERROR
      expected-type: SEQUENCE datum: #P"/home/zeno/code/seapup/lisp/../www">)
5: (SIGNAL
    #<TYPE-ERROR
      expected-type: SEQUENCE datum: #P"/home/zeno/code/seapup/lisp/../www">)
6: (ERROR
    TYPE-ERROR
    :DATUM
    #P"/home/zeno/code/seapup/lisp/../www"
    :EXPECTED-TYPE
    SEQUENCE)
7: (SB-KERNEL::OBJECT-NOT-TYPE-ERROR-HANDLER
    #<unavailable argument>
    #.(SB-SYS:INT-SAP #X7FFFE24B32C0)
    #<SB-ALIEN-INTERNALS:ALIEN-VALUE :SAP #X7FFFE24B2D00 :TYPE (*
                                                                (SB-ALIEN:STRUCT
                                                                 SB-VM::OS-CONTEXT-T-STRUCT))>
    (405 21))
8: (SB-KERNEL:INTERNAL-ERROR
    #.(SB-SYS:INT-SAP #X7FFFE24B2D00)
    #<unavailable argument>)
9: ("foreign function: call_into_lisp")
10: ("foreign function: funcall2")
11: ("foreign function: interrupt_internal_error")
12: ("foreign function: #x410FDA")
13: (HANDLE-STATIC-PUP "js/jquery.terminal/js/jquery.terminal.css")
14: ((SB-PCL::FAST-METHOD HANDLE-REQUEST (ACCEPTOR REQUEST))
     #<unavailable argument>
     #<unavailable argument>
     #<ACCEPTOR (host *, port 4242)>
     #<REQUEST {10030BBDF1}>)
15: ((SB-PCL::FAST-METHOD PROCESS-REQUEST (T))
     #<unavailable argument>
     #<unavailable argument>
     #<REQUEST {10030BBDF1}>)
16: ((SB-PCL::FAST-METHOD PROCESS-CONNECTION (ACCEPTOR T))
     #<unavailable argument>
     #<unavailable argument>
     #<ACCEPTOR (host *, port 4242)>
     #<USOCKET:STREAM-USOCKET {1007494C91}>)
17: ((SB-PCL::FAST-METHOD PROCESS-CONNECTION :AROUND (ACCEPTOR T))
     #<unavailable argument>
     #S(SB-PCL::FAST-METHOD-CALL
        :FUNCTION #<FUNCTION #>
        :PV NIL
        :NEXT-METHOD-CALL NIL
        :ARG-INFO (2))
     #<ACCEPTOR (host *, port 4242)>
     #<USOCKET:STREAM-USOCKET {1007494C91}>)
18: ((LAMBDA ()))
19: ((FLET #:WITHOUT-INTERRUPTS-BODY-[BLOCK359]364))
20: ((FLET SB-THREAD::WITH-MUTEX-THUNK))
21: ((FLET #:WITHOUT-INTERRUPTS-BODY-[CALL-WITH-MUTEX]300))
22: (SB-THREAD::CALL-WITH-MUTEX
     #<CLOSURE (FLET SB-THREAD::WITH-MUTEX-THUNK) {7FFFE24B3CA9}>
     #S(SB-THREAD:MUTEX
        :NAME "thread result lock"
        :%OWNER #<SB-THREAD:THREAD
                  "Hunchentoot worker (client: 127.0.0.1:50482)" RUNNING
                  {1007496691}>
        :STATE 1)
     #<SB-THREAD:THREAD "Hunchentoot worker (client: 127.0.0.1:50482)" RUNNING
       {1007496691}>
     T)
23: (SB-THREAD::INITIAL-THREAD-FUNCTION)
24: ("foreign function: call_into_lisp")
25: ("foreign function: new_thread_trampoline")

[2012-10-14 14:42:51 [WARNING]] New template printer for #P"/home/zeno/code/seapup/lisp/../templates/main.tpl" created
[2012-10-14 14:42:51 [WARNING]] Warning while processing connection: New template printer for #P"/home/zeno/code/seapup/lisp/../templates/main.tpl" created
[2012-10-14 14:42:51 [ERROR]] The value #P"/home/zeno/code/seapup/lisp/../www" is not of type SEQUENCE.
0: (SB-DEBUG::MAP-BACKTRACE
    #<CLOSURE (LAMBDA #) {100323CC69}>
    :START
    0
    :COUNT
    1152921504606846975)
1: (SB-DEBUG:BACKTRACE
    1152921504606846975
    #<SB-IMPL::STRING-OUTPUT-STREAM {100323CBA1}>)
2: (TRIVIAL-BACKTRACE:PRINT-BACKTRACE-TO-STREAM
    #<SB-IMPL::STRING-OUTPUT-STREAM {100323CBA1}>)
3: (HUNCHENTOOT::GET-BACKTRACE)
4: ((FLET #:LAMBDA271)
    #<TYPE-ERROR
      expected-type: SEQUENCE datum: #P"/home/zeno/code/seapup/lisp/../www">)
5: (SIGNAL
    #<TYPE-ERROR
      expected-type: SEQUENCE datum: #P"/home/zeno/code/seapup/lisp/../www">)
6: (ERROR
    TYPE-ERROR
    :DATUM
    #P"/home/zeno/code/seapup/lisp/../www"
    :EXPECTED-TYPE
    SEQUENCE)
7: (SB-KERNEL::OBJECT-NOT-TYPE-ERROR-HANDLER
    #<unavailable argument>
    #.(SB-SYS:INT-SAP #X7FFFE24B32C0)
    #<SB-ALIEN-INTERNALS:ALIEN-VALUE :SAP #X7FFFE24B2D00 :TYPE (*
                                                                (SB-ALIEN:STRUCT
                                                                 SB-VM::OS-CONTEXT-T-STRUCT))>
    (405 21))
8: (SB-KERNEL:INTERNAL-ERROR
    #.(SB-SYS:INT-SAP #X7FFFE24B2D00)
    #<unavailable argument>)
9: ("foreign function: call_into_lisp")
10: ("foreign function: funcall2")
11: ("foreign function: interrupt_internal_error")
12: ("foreign function: #x410FDA")
13: (HANDLE-STATIC-PUP "js/jquery.terminal/js/jquery-1.7.1.min.js")
14: ((SB-PCL::FAST-METHOD HANDLE-REQUEST (ACCEPTOR REQUEST))
     #<unavailable argument>
     #<unavailable argument>
     #<ACCEPTOR (host *, port 4242)>
     #<REQUEST {1003234311}>)
15: ((SB-PCL::FAST-METHOD PROCESS-REQUEST (T))
     #<unavailable argument>
     #<unavailable argument>
     #<REQUEST {1003234311}>)
16: ((SB-PCL::FAST-METHOD PROCESS-CONNECTION (ACCEPTOR T))
     #<unavailable argument>
     #<unavailable argument>
     #<ACCEPTOR (host *, port 4242)>
     #<USOCKET:STREAM-USOCKET {1007494C91}>)
17: ((SB-PCL::FAST-METHOD PROCESS-CONNECTION :AROUND (ACCEPTOR T))
     #<unavailable argument>
     #S(SB-PCL::FAST-METHOD-CALL
        :FUNCTION #<FUNCTION #>
        :PV NIL
        :NEXT-METHOD-CALL NIL
        :ARG-INFO (2))
     #<ACCEPTOR (host *, port 4242)>
     #<USOCKET:STREAM-USOCKET {1007494C91}>)
18: ((LAMBDA ()))
19: ((FLET #:WITHOUT-INTERRUPTS-BODY-[BLOCK359]364))
20: ((FLET SB-THREAD::WITH-MUTEX-THUNK))
21: ((FLET #:WITHOUT-INTERRUPTS-BODY-[CALL-WITH-MUTEX]300))
22: (SB-THREAD::CALL-WITH-MUTEX
     #<CLOSURE (FLET SB-THREAD::WITH-MUTEX-THUNK) {7FFFE24B3CA9}>
     #S(SB-THREAD:MUTEX
        :NAME "thread result lock"
        :%OWNER #<SB-THREAD:THREAD
                  "Hunchentoot worker (client: 127.0.0.1:50482)" RUNNING
                  {1007496691}>
        :STATE 1)
     #<SB-THREAD:THREAD "Hunchentoot worker (client: 127.0.0.1:50482)" RUNNING
       {1007496691}>
     T)
23: (SB-THREAD::INITIAL-THREAD-FUNCTION)
24: ("foreign function: call_into_lisp")
25: ("foreign function: new_thread_trampoline")

[2012-10-14 14:42:51 [ERROR]] The value #P"/home/zeno/code/seapup/lisp/../www" is not of type SEQUENCE.
0: (SB-DEBUG::MAP-BACKTRACE
    #<CLOSURE (LAMBDA #) {10032CAC19}>
    :START
    0
    :COUNT
    1152921504606846975)
1: (SB-DEBUG:BACKTRACE
    1152921504606846975
    #<SB-IMPL::STRING-OUTPUT-STREAM {10032CAB51}>)
2: (TRIVIAL-BACKTRACE:PRINT-BACKTRACE-TO-STREAM
    #<SB-IMPL::STRING-OUTPUT-STREAM {10032CAB51}>)
3: (HUNCHENTOOT::GET-BACKTRACE)
4: ((FLET #:LAMBDA271)
    #<TYPE-ERROR
      expected-type: SEQUENCE datum: #P"/home/zeno/code/seapup/lisp/../www">)
5: (SIGNAL
    #<TYPE-ERROR
      expected-type: SEQUENCE datum: #P"/home/zeno/code/seapup/lisp/../www">)
6: (ERROR
    TYPE-ERROR
    :DATUM
    #P"/home/zeno/code/seapup/lisp/../www"
    :EXPECTED-TYPE
    SEQUENCE)
7: (SB-KERNEL::OBJECT-NOT-TYPE-ERROR-HANDLER
    #<unavailable argument>
    #.(SB-SYS:INT-SAP #X7FFFE28FD2C0)
    #<SB-ALIEN-INTERNALS:ALIEN-VALUE :SAP #X7FFFE28FCD00 :TYPE (*
                                                                (SB-ALIEN:STRUCT
                                                                 SB-VM::OS-CONTEXT-T-STRUCT))>
    (405 21))
8: (SB-KERNEL:INTERNAL-ERROR
    #.(SB-SYS:INT-SAP #X7FFFE28FCD00)
    #<unavailable argument>)
9: ("foreign function: call_into_lisp")
10: ("foreign function: funcall2")
11: ("foreign function: interrupt_internal_error")
12: ("foreign function: #x410FDA")
13: (HANDLE-STATIC-PUP "js/jquery.terminal/js/jquery.mousewheel-min.js")
14: ((SB-PCL::FAST-METHOD HANDLE-REQUEST (ACCEPTOR REQUEST))
     #<unavailable argument>
     #<unavailable argument>
     #<ACCEPTOR (host *, port 4242)>
     #<REQUEST {10032C1311}>)
15: ((SB-PCL::FAST-METHOD PROCESS-REQUEST (T))
     #<unavailable argument>
     #<unavailable argument>
     #<REQUEST {10032C1311}>)
16: ((SB-PCL::FAST-METHOD PROCESS-CONNECTION (ACCEPTOR T))
     #<unavailable argument>
     #<unavailable argument>
     #<ACCEPTOR (host *, port 4242)>
     #<USOCKET:STREAM-USOCKET {1007456FE1}>)
17: ((SB-PCL::FAST-METHOD PROCESS-CONNECTION :AROUND (ACCEPTOR T))
     #<unavailable argument>
     #S(SB-PCL::FAST-METHOD-CALL
        :FUNCTION #<FUNCTION #>
        :PV NIL
        :NEXT-METHOD-CALL NIL
        :ARG-INFO (2))
     #<ACCEPTOR (host *, port 4242)>
     #<USOCKET:STREAM-USOCKET {1007456FE1}>)
18: ((LAMBDA ()))
19: ((FLET #:WITHOUT-INTERRUPTS-BODY-[BLOCK359]364))
20: ((FLET SB-THREAD::WITH-MUTEX-THUNK))
21: ((FLET #:WITHOUT-INTERRUPTS-BODY-[CALL-WITH-MUTEX]300))
22: (SB-THREAD::CALL-WITH-MUTEX
     #<CLOSURE (FLET SB-THREAD::WITH-MUTEX-THUNK) {7FFFE28FDCA9}>
     #S(SB-THREAD:MUTEX
        :NAME "thread result lock"
        :%OWNER #<SB-THREAD:THREAD
                  "Hunchentoot worker (client: 127.0.0.1:50481)" RUNNING
                  {100747C061}>
        :STATE 1)
     #<SB-THREAD:THREAD "Hunchentoot worker (client: 127.0.0.1:50481)" RUNNING
       {100747C061}>
     T)
23: (SB-THREAD::INITIAL-THREAD-FUNCTION)
24: ("foreign function: call_into_lisp")
25: ("foreign function: new_thread_trampoline")

[2012-10-14 14:42:51 [ERROR]] The value #P"/home/zeno/code/seapup/lisp/../www" is not of type SEQUENCE.
0: (SB-DEBUG::MAP-BACKTRACE
    #<CLOSURE (LAMBDA #) {100335A749}>
    :START
    0
    :COUNT
    1152921504606846975)
1: (SB-DEBUG:BACKTRACE
    1152921504606846975
    #<SB-IMPL::STRING-OUTPUT-STREAM {100335A681}>)
2: (TRIVIAL-BACKTRACE:PRINT-BACKTRACE-TO-STREAM
    #<SB-IMPL::STRING-OUTPUT-STREAM {100335A681}>)
3: (HUNCHENTOOT::GET-BACKTRACE)
4: ((FLET #:LAMBDA271)
    #<TYPE-ERROR
      expected-type: SEQUENCE datum: #P"/home/zeno/code/seapup/lisp/../www">)
5: (SIGNAL
    #<TYPE-ERROR
      expected-type: SEQUENCE datum: #P"/home/zeno/code/seapup/lisp/../www">)
6: (ERROR
    TYPE-ERROR
    :DATUM
    #P"/home/zeno/code/seapup/lisp/../www"
    :EXPECTED-TYPE
    SEQUENCE)
7: (SB-KERNEL::OBJECT-NOT-TYPE-ERROR-HANDLER
    #<unavailable argument>
    #.(SB-SYS:INT-SAP #X7FFFE24B32C0)
    #<SB-ALIEN-INTERNALS:ALIEN-VALUE :SAP #X7FFFE24B2D00 :TYPE (*
                                                                (SB-ALIEN:STRUCT
                                                                 SB-VM::OS-CONTEXT-T-STRUCT))>
    (405 21))
8: (SB-KERNEL:INTERNAL-ERROR
    #.(SB-SYS:INT-SAP #X7FFFE24B2D00)
    #<unavailable argument>)
9: ("foreign function: call_into_lisp")
10: ("foreign function: funcall2")
11: ("foreign function: interrupt_internal_error")
12: ("foreign function: #x410FDA")
13: (HANDLE-STATIC-PUP "js/jquery.terminal/js/jquery.terminal-min.js")
14: ((SB-PCL::FAST-METHOD HANDLE-REQUEST (ACCEPTOR REQUEST))
     #<unavailable argument>
     #<unavailable argument>
     #<ACCEPTOR (host *, port 4242)>
     #<REQUEST {1003351DF1}>)
15: ((SB-PCL::FAST-METHOD PROCESS-REQUEST (T))
     #<unavailable argument>
     #<unavailable argument>
     #<REQUEST {1003351DF1}>)
16: ((SB-PCL::FAST-METHOD PROCESS-CONNECTION (ACCEPTOR T))
     #<unavailable argument>
     #<unavailable argument>
     #<ACCEPTOR (host *, port 4242)>
     #<USOCKET:STREAM-USOCKET {1007494C91}>)
17: ((SB-PCL::FAST-METHOD PROCESS-CONNECTION :AROUND (ACCEPTOR T))
     #<unavailable argument>
     #S(SB-PCL::FAST-METHOD-CALL
        :FUNCTION #<FUNCTION #>
        :PV NIL
        :NEXT-METHOD-CALL NIL
        :ARG-INFO (2))
     #<ACCEPTOR (host *, port 4242)>
     #<USOCKET:STREAM-USOCKET {1007494C91}>)
18: ((LAMBDA ()))
19: ((FLET #:WITHOUT-INTERRUPTS-BODY-[BLOCK359]364))
20: ((FLET SB-THREAD::WITH-MUTEX-THUNK))
21: ((FLET #:WITHOUT-INTERRUPTS-BODY-[CALL-WITH-MUTEX]300))
22: (SB-THREAD::CALL-WITH-MUTEX
     #<CLOSURE (FLET SB-THREAD::WITH-MUTEX-THUNK) {7FFFE24B3CA9}>
     #S(SB-THREAD:MUTEX
        :NAME "thread result lock"
        :%OWNER #<SB-THREAD:THREAD
                  "Hunchentoot worker (client: 127.0.0.1:50482)" RUNNING
                  {1007496691}>
        :STATE 1)
     #<SB-THREAD:THREAD "Hunchentoot worker (client: 127.0.0.1:50482)" RUNNING
       {1007496691}>
     T)
23: (SB-THREAD::INITIAL-THREAD-FUNCTION)
24: ("foreign function: call_into_lisp")
25: ("foreign function: new_thread_trampoline")

[2012-10-14 14:42:51 [ERROR]] The value #P"/home/zeno/code/seapup/lisp/../www" is not of type SEQUENCE.
0: (SB-DEBUG::MAP-BACKTRACE
    #<CLOSURE (LAMBDA #) {10033F1739}>
    :START
    0
    :COUNT
    1152921504606846975)
1: (SB-DEBUG:BACKTRACE
    1152921504606846975
    #<SB-IMPL::STRING-OUTPUT-STREAM {10033F1671}>)
2: (TRIVIAL-BACKTRACE:PRINT-BACKTRACE-TO-STREAM
    #<SB-IMPL::STRING-OUTPUT-STREAM {10033F1671}>)
3: (HUNCHENTOOT::GET-BACKTRACE)
4: ((FLET #:LAMBDA271)
    #<TYPE-ERROR
      expected-type: SEQUENCE datum: #P"/home/zeno/code/seapup/lisp/../www">)
5: (SIGNAL
    #<TYPE-ERROR
      expected-type: SEQUENCE datum: #P"/home/zeno/code/seapup/lisp/../www">)
6: (ERROR
    TYPE-ERROR
    :DATUM
    #P"/home/zeno/code/seapup/lisp/../www"
    :EXPECTED-TYPE
    SEQUENCE)
7: (SB-KERNEL::OBJECT-NOT-TYPE-ERROR-HANDLER
    #<unavailable argument>
    #.(SB-SYS:INT-SAP #X7FFFE28FD2C0)
    #<SB-ALIEN-INTERNALS:ALIEN-VALUE :SAP #X7FFFE28FCD00 :TYPE (*
                                                                (SB-ALIEN:STRUCT
                                                                 SB-VM::OS-CONTEXT-T-STRUCT))>
    (405 21))
8: (SB-KERNEL:INTERNAL-ERROR
    #.(SB-SYS:INT-SAP #X7FFFE28FCD00)
    #<unavailable argument>)
9: ("foreign function: call_into_lisp")
10: ("foreign function: funcall2")
11: ("foreign function: interrupt_internal_error")
12: ("foreign function: #x410FDA")
13: (HANDLE-STATIC-PUP "js/jquery.terminal/js/jquery.terminal.css")
14: ((SB-PCL::FAST-METHOD HANDLE-REQUEST (ACCEPTOR REQUEST))
     #<unavailable argument>
     #<unavailable argument>
     #<ACCEPTOR (host *, port 4242)>
     #<REQUEST {10033E8DF1}>)
15: ((SB-PCL::FAST-METHOD PROCESS-REQUEST (T))
     #<unavailable argument>
     #<unavailable argument>
     #<REQUEST {10033E8DF1}>)
16: ((SB-PCL::FAST-METHOD PROCESS-CONNECTION (ACCEPTOR T))
     #<unavailable argument>
     #<unavailable argument>
     #<ACCEPTOR (host *, port 4242)>
     #<USOCKET:STREAM-USOCKET {1007456FE1}>)
17: ((SB-PCL::FAST-METHOD PROCESS-CONNECTION :AROUND (ACCEPTOR T))
     #<unavailable argument>
     #S(SB-PCL::FAST-METHOD-CALL
        :FUNCTION #<FUNCTION #>
        :PV NIL
        :NEXT-METHOD-CALL NIL
        :ARG-INFO (2))
     #<ACCEPTOR (host *, port 4242)>
     #<USOCKET:STREAM-USOCKET {1007456FE1}>)
18: ((LAMBDA ()))
19: ((FLET #:WITHOUT-INTERRUPTS-BODY-[BLOCK359]364))
20: ((FLET SB-THREAD::WITH-MUTEX-THUNK))
21: ((FLET #:WITHOUT-INTERRUPTS-BODY-[CALL-WITH-MUTEX]300))
22: (SB-THREAD::CALL-WITH-MUTEX
     #<CLOSURE (FLET SB-THREAD::WITH-MUTEX-THUNK) {7FFFE28FDCA9}>
     #S(SB-THREAD:MUTEX
        :NAME "thread result lock"
        :%OWNER #<SB-THREAD:THREAD
                  "Hunchentoot worker (client: 127.0.0.1:50481)" RUNNING
                  {100747C061}>
        :STATE 1)
     #<SB-THREAD:THREAD "Hunchentoot worker (client: 127.0.0.1:50481)" RUNNING
       {100747C061}>
     T)
23: (SB-THREAD::INITIAL-THREAD-FUNCTION)
24: ("foreign function: call_into_lisp")
25: ("foreign function: new_thread_trampoline")

[2012-10-14 14:45:52 [WARNING]] New template printer for #P"/home/zeno/code/seapup/lisp/../templates/main.tpl" created
[2012-10-14 14:45:52 [WARNING]] Warning while processing connection: New template printer for #P"/home/zeno/code/seapup/lisp/../templates/main.tpl" created
[2012-10-14 14:45:52 [ERROR]] The value #P"/home/zeno/code/seapup/lisp/../www/" is not of type SEQUENCE.
0: (SB-DEBUG::MAP-BACKTRACE
    #<CLOSURE (LAMBDA #) {100732FCD9}>
    :START
    0
    :COUNT
    1152921504606846975)
1: (SB-DEBUG:BACKTRACE
    1152921504606846975
    #<SB-IMPL::STRING-OUTPUT-STREAM {100732FC11}>)
2: (TRIVIAL-BACKTRACE:PRINT-BACKTRACE-TO-STREAM
    #<SB-IMPL::STRING-OUTPUT-STREAM {100732FC11}>)
3: (HUNCHENTOOT::GET-BACKTRACE)
4: ((FLET #:LAMBDA271)
    #<TYPE-ERROR
      expected-type: SEQUENCE datum: #P"/home/zeno/code/seapup/lisp/../www/">)
5: (SIGNAL
    #<TYPE-ERROR
      expected-type: SEQUENCE datum: #P"/home/zeno/code/seapup/lisp/../www/">)
6: (ERROR
    TYPE-ERROR
    :DATUM
    #P"/home/zeno/code/seapup/lisp/../www/"
    :EXPECTED-TYPE
    SEQUENCE)
7: (SB-KERNEL::OBJECT-NOT-TYPE-ERROR-HANDLER
    #<unavailable argument>
    #.(SB-SYS:INT-SAP #X7FFFE35DB2C0)
    #<SB-ALIEN-INTERNALS:ALIEN-VALUE :SAP #X7FFFE35DAD00 :TYPE (*
                                                                (SB-ALIEN:STRUCT
                                                                 SB-VM::OS-CONTEXT-T-STRUCT))>
    (405 21))
8: (SB-KERNEL:INTERNAL-ERROR
    #.(SB-SYS:INT-SAP #X7FFFE35DAD00)
    #<unavailable argument>)
9: ("foreign function: call_into_lisp")
10: ("foreign function: funcall2")
11: ("foreign function: interrupt_internal_error")
12: ("foreign function: #x410FDA")
13: (HANDLE-STATIC-PUP "js/jquery.terminal/js/jquery-1.7.1.min.js")
14: ((SB-PCL::FAST-METHOD HANDLE-REQUEST (ACCEPTOR REQUEST))
     #<unavailable argument>
     #<unavailable argument>
     #<ACCEPTOR (host *, port 4242)>
     #<REQUEST {10073273D1}>)
15: ((SB-PCL::FAST-METHOD PROCESS-REQUEST (T))
     #<unavailable argument>
     #<unavailable argument>
     #<REQUEST {10073273D1}>)
16: ((SB-PCL::FAST-METHOD PROCESS-CONNECTION (ACCEPTOR T))
     #<unavailable argument>
     #<unavailable argument>
     #<ACCEPTOR (host *, port 4242)>
     #<USOCKET:STREAM-USOCKET {10072F1F51}>)
17: ((SB-PCL::FAST-METHOD PROCESS-CONNECTION :AROUND (ACCEPTOR T))
     #<unavailable argument>
     #S(SB-PCL::FAST-METHOD-CALL
        :FUNCTION #<FUNCTION #>
        :PV NIL
        :NEXT-METHOD-CALL NIL
        :ARG-INFO (2))
     #<ACCEPTOR (host *, port 4242)>
     #<USOCKET:STREAM-USOCKET {10072F1F51}>)
18: ((LAMBDA ()))
19: ((FLET #:WITHOUT-INTERRUPTS-BODY-[BLOCK359]364))
20: ((FLET SB-THREAD::WITH-MUTEX-THUNK))
21: ((FLET #:WITHOUT-INTERRUPTS-BODY-[CALL-WITH-MUTEX]300))
22: (SB-THREAD::CALL-WITH-MUTEX
     #<CLOSURE (FLET SB-THREAD::WITH-MUTEX-THUNK) {7FFFE35DBCA9}>
     #S(SB-THREAD:MUTEX
        :NAME "thread result lock"
        :%OWNER #<SB-THREAD:THREAD
                  "Hunchentoot worker (client: 127.0.0.1:50484)" RUNNING
                  {10072F3901}>
        :STATE 1)
     #<SB-THREAD:THREAD "Hunchentoot worker (client: 127.0.0.1:50484)" RUNNING
       {10072F3901}>
     T)
23: (SB-THREAD::INITIAL-THREAD-FUNCTION)
24: ("foreign function: call_into_lisp")
25: ("foreign function: new_thread_trampoline")

[2012-10-14 14:45:52 [ERROR]] The value #P"/home/zeno/code/seapup/lisp/../www/" is not of type SEQUENCE.
0: (SB-DEBUG::MAP-BACKTRACE
    #<CLOSURE (LAMBDA #) {10073A4579}>
    :START
    0
    :COUNT
    1152921504606846975)
1: (SB-DEBUG:BACKTRACE
    1152921504606846975
    #<SB-IMPL::STRING-OUTPUT-STREAM {10073A44B1}>)
2: (TRIVIAL-BACKTRACE:PRINT-BACKTRACE-TO-STREAM
    #<SB-IMPL::STRING-OUTPUT-STREAM {10073A44B1}>)
3: (HUNCHENTOOT::GET-BACKTRACE)
4: ((FLET #:LAMBDA271)
    #<TYPE-ERROR
      expected-type: SEQUENCE datum: #P"/home/zeno/code/seapup/lisp/../www/">)
5: (SIGNAL
    #<TYPE-ERROR
      expected-type: SEQUENCE datum: #P"/home/zeno/code/seapup/lisp/../www/">)
6: (ERROR
    TYPE-ERROR
    :DATUM
    #P"/home/zeno/code/seapup/lisp/../www/"
    :EXPECTED-TYPE
    SEQUENCE)
7: (SB-KERNEL::OBJECT-NOT-TYPE-ERROR-HANDLER
    #<unavailable argument>
    #.(SB-SYS:INT-SAP #X7FFFE35DB2C0)
    #<SB-ALIEN-INTERNALS:ALIEN-VALUE :SAP #X7FFFE35DAD00 :TYPE (*
                                                                (SB-ALIEN:STRUCT
                                                                 SB-VM::OS-CONTEXT-T-STRUCT))>
    (405 21))
8: (SB-KERNEL:INTERNAL-ERROR
    #.(SB-SYS:INT-SAP #X7FFFE35DAD00)
    #<unavailable argument>)
9: ("foreign function: call_into_lisp")
10: ("foreign function: funcall2")
11: ("foreign function: interrupt_internal_error")
12: ("foreign function: #x410FDA")
13: (HANDLE-STATIC-PUP "js/jquery.terminal/js/jquery.mousewheel-min.js")
14: ((SB-PCL::FAST-METHOD HANDLE-REQUEST (ACCEPTOR REQUEST))
     #<unavailable argument>
     #<unavailable argument>
     #<ACCEPTOR (host *, port 4242)>
     #<REQUEST {100739B8E1}>)
15: ((SB-PCL::FAST-METHOD PROCESS-REQUEST (T))
     #<unavailable argument>
     #<unavailable argument>
     #<REQUEST {100739B8E1}>)
16: ((SB-PCL::FAST-METHOD PROCESS-CONNECTION (ACCEPTOR T))
     #<unavailable argument>
     #<unavailable argument>
     #<ACCEPTOR (host *, port 4242)>
     #<USOCKET:STREAM-USOCKET {10072F1F51}>)
17: ((SB-PCL::FAST-METHOD PROCESS-CONNECTION :AROUND (ACCEPTOR T))
     #<unavailable argument>
     #S(SB-PCL::FAST-METHOD-CALL
        :FUNCTION #<FUNCTION #>
        :PV NIL
        :NEXT-METHOD-CALL NIL
        :ARG-INFO (2))
     #<ACCEPTOR (host *, port 4242)>
     #<USOCKET:STREAM-USOCKET {10072F1F51}>)
18: ((LAMBDA ()))
19: ((FLET #:WITHOUT-INTERRUPTS-BODY-[BLOCK359]364))
20: ((FLET SB-THREAD::WITH-MUTEX-THUNK))
21: ((FLET #:WITHOUT-INTERRUPTS-BODY-[CALL-WITH-MUTEX]300))
22: (SB-THREAD::CALL-WITH-MUTEX
     #<CLOSURE (FLET SB-THREAD::WITH-MUTEX-THUNK) {7FFFE35DBCA9}>
     #S(SB-THREAD:MUTEX
        :NAME "thread result lock"
        :%OWNER #<SB-THREAD:THREAD
                  "Hunchentoot worker (client: 127.0.0.1:50484)" RUNNING
                  {10072F3901}>
        :STATE 1)
     #<SB-THREAD:THREAD "Hunchentoot worker (client: 127.0.0.1:50484)" RUNNING
       {10072F3901}>
     T)
23: (SB-THREAD::INITIAL-THREAD-FUNCTION)
24: ("foreign function: call_into_lisp")
25: ("foreign function: new_thread_trampoline")

[2012-10-14 14:45:52 [ERROR]] The value #P"/home/zeno/code/seapup/lisp/../www/" is not of type SEQUENCE.
0: (SB-DEBUG::MAP-BACKTRACE
    #<CLOSURE (LAMBDA #) {10073D61E9}>
    :START
    0
    :COUNT
    1152921504606846975)
1: (SB-DEBUG:BACKTRACE
    1152921504606846975
    #<SB-IMPL::STRING-OUTPUT-STREAM {10073D6121}>)
2: (TRIVIAL-BACKTRACE:PRINT-BACKTRACE-TO-STREAM
    #<SB-IMPL::STRING-OUTPUT-STREAM {10073D6121}>)
3: (HUNCHENTOOT::GET-BACKTRACE)
4: ((FLET #:LAMBDA271)
    #<TYPE-ERROR
      expected-type: SEQUENCE datum: #P"/home/zeno/code/seapup/lisp/../www/">)
5: (SIGNAL
    #<TYPE-ERROR
      expected-type: SEQUENCE datum: #P"/home/zeno/code/seapup/lisp/../www/">)
6: (ERROR
    TYPE-ERROR
    :DATUM
    #P"/home/zeno/code/seapup/lisp/../www/"
    :EXPECTED-TYPE
    SEQUENCE)
7: (SB-KERNEL::OBJECT-NOT-TYPE-ERROR-HANDLER
    #<unavailable argument>
    #.(SB-SYS:INT-SAP #X7FFFE28FD2C0)
    #<SB-ALIEN-INTERNALS:ALIEN-VALUE :SAP #X7FFFE28FCD00 :TYPE (*
                                                                (SB-ALIEN:STRUCT
                                                                 SB-VM::OS-CONTEXT-T-STRUCT))>
    (405 21))
8: (SB-KERNEL:INTERNAL-ERROR
    #.(SB-SYS:INT-SAP #X7FFFE28FCD00)
    #<unavailable argument>)
9: ("foreign function: call_into_lisp")
10: ("foreign function: funcall2")
11: ("foreign function: interrupt_internal_error")
12: ("foreign function: #x410FDA")
13: (HANDLE-STATIC-PUP "js/jquery.terminal/js/jquery.terminal-min.js")
14: ((SB-PCL::FAST-METHOD HANDLE-REQUEST (ACCEPTOR REQUEST))
     #<unavailable argument>
     #<unavailable argument>
     #<ACCEPTOR (host *, port 4242)>
     #<REQUEST {10073CD4E1}>)
15: ((SB-PCL::FAST-METHOD PROCESS-REQUEST (T))
     #<unavailable argument>
     #<unavailable argument>
     #<REQUEST {10073CD4E1}>)
16: ((SB-PCL::FAST-METHOD PROCESS-CONNECTION (ACCEPTOR T))
     #<unavailable argument>
     #<unavailable argument>
     #<ACCEPTOR (host *, port 4242)>
     #<USOCKET:STREAM-USOCKET {10073559B1}>)
17: ((SB-PCL::FAST-METHOD PROCESS-CONNECTION :AROUND (ACCEPTOR T))
     #<unavailable argument>
     #S(SB-PCL::FAST-METHOD-CALL
        :FUNCTION #<FUNCTION #>
        :PV NIL
        :NEXT-METHOD-CALL NIL
        :ARG-INFO (2))
     #<ACCEPTOR (host *, port 4242)>
     #<USOCKET:STREAM-USOCKET {10073559B1}>)
18: ((LAMBDA ()))
19: ((FLET #:WITHOUT-INTERRUPTS-BODY-[BLOCK359]364))
20: ((FLET SB-THREAD::WITH-MUTEX-THUNK))
21: ((FLET #:WITHOUT-INTERRUPTS-BODY-[CALL-WITH-MUTEX]300))
22: (SB-THREAD::CALL-WITH-MUTEX
     #<CLOSURE (FLET SB-THREAD::WITH-MUTEX-THUNK) {7FFFE28FDCA9}>
     #S(SB-THREAD:MUTEX
        :NAME "thread result lock"
        :%OWNER #<SB-THREAD:THREAD
                  "Hunchentoot worker (client: 127.0.0.1:50485)" RUNNING
                  {1007377871}>
        :STATE 1)
     #<SB-THREAD:THREAD "Hunchentoot worker (client: 127.0.0.1:50485)" RUNNING
       {1007377871}>
     T)
23: (SB-THREAD::INITIAL-THREAD-FUNCTION)
24: ("foreign function: call_into_lisp")
25: ("foreign function: new_thread_trampoline")

[2012-10-14 14:45:52 [ERROR]] The value #P"/home/zeno/code/seapup/lisp/../www/" is not of type SEQUENCE.
0: (SB-DEBUG::MAP-BACKTRACE
    #<CLOSURE (LAMBDA #) {100749F579}>
    :START
    0
    :COUNT
    1152921504606846975)
1: (SB-DEBUG:BACKTRACE
    1152921504606846975
    #<SB-IMPL::STRING-OUTPUT-STREAM {100749F4B1}>)
2: (TRIVIAL-BACKTRACE:PRINT-BACKTRACE-TO-STREAM
    #<SB-IMPL::STRING-OUTPUT-STREAM {100749F4B1}>)
3: (HUNCHENTOOT::GET-BACKTRACE)
4: ((FLET #:LAMBDA271)
    #<TYPE-ERROR
      expected-type: SEQUENCE datum: #P"/home/zeno/code/seapup/lisp/../www/">)
5: (SIGNAL
    #<TYPE-ERROR
      expected-type: SEQUENCE datum: #P"/home/zeno/code/seapup/lisp/../www/">)
6: (ERROR
    TYPE-ERROR
    :DATUM
    #P"/home/zeno/code/seapup/lisp/../www/"
    :EXPECTED-TYPE
    SEQUENCE)
7: (SB-KERNEL::OBJECT-NOT-TYPE-ERROR-HANDLER
    #<unavailable argument>
    #.(SB-SYS:INT-SAP #X7FFFE24B32C0)
    #<SB-ALIEN-INTERNALS:ALIEN-VALUE :SAP #X7FFFE24B2D00 :TYPE (*
                                                                (SB-ALIEN:STRUCT
                                                                 SB-VM::OS-CONTEXT-T-STRUCT))>
    (405 21))
8: (SB-KERNEL:INTERNAL-ERROR
    #.(SB-SYS:INT-SAP #X7FFFE24B2D00)
    #<unavailable argument>)
9: ("foreign function: call_into_lisp")
10: ("foreign function: funcall2")
11: ("foreign function: interrupt_internal_error")
12: ("foreign function: #x410FDA")
13: (HANDLE-STATIC-PUP "js/jquery.terminal/js/jquery.terminal.css")
14: ((SB-PCL::FAST-METHOD HANDLE-REQUEST (ACCEPTOR REQUEST))
     #<unavailable argument>
     #<unavailable argument>
     #<ACCEPTOR (host *, port 4242)>
     #<REQUEST {100748F9F1}>)
15: ((SB-PCL::FAST-METHOD PROCESS-REQUEST (T))
     #<unavailable argument>
     #<unavailable argument>
     #<REQUEST {100748F9F1}>)
16: ((SB-PCL::FAST-METHOD PROCESS-CONNECTION (ACCEPTOR T))
     #<unavailable argument>
     #<unavailable argument>
     #<ACCEPTOR (host *, port 4242)>
     #<USOCKET:STREAM-USOCKET {10073C6A41}>)
17: ((SB-PCL::FAST-METHOD PROCESS-CONNECTION :AROUND (ACCEPTOR T))
     #<unavailable argument>
     #S(SB-PCL::FAST-METHOD-CALL
        :FUNCTION #<FUNCTION #>
        :PV NIL
        :NEXT-METHOD-CALL NIL
        :ARG-INFO (2))
     #<ACCEPTOR (host *, port 4242)>
     #<USOCKET:STREAM-USOCKET {10073C6A41}>)
18: ((LAMBDA ()))
19: ((FLET #:WITHOUT-INTERRUPTS-BODY-[BLOCK359]364))
20: ((FLET SB-THREAD::WITH-MUTEX-THUNK))
21: ((FLET #:WITHOUT-INTERRUPTS-BODY-[CALL-WITH-MUTEX]300))
22: (SB-THREAD::CALL-WITH-MUTEX
     #<CLOSURE (FLET SB-THREAD::WITH-MUTEX-THUNK) {7FFFE24B3CA9}>
     #S(SB-THREAD:MUTEX
        :NAME "thread result lock"
        :%OWNER #<SB-THREAD:THREAD
                  "Hunchentoot worker (client: 127.0.0.1:50486)" RUNNING
                  {10073C8471}>
        :STATE 1)
     #<SB-THREAD:THREAD "Hunchentoot worker (client: 127.0.0.1:50486)" RUNNING
       {10073C8471}>
     T)
23: (SB-THREAD::INITIAL-THREAD-FUNCTION)
24: ("foreign function: call_into_lisp")
25: ("foreign function: new_thread_trampoline")

[2012-10-14 14:48:08 [WARNING]] New template printer for #P"/home/zeno/code/seapup/lisp/../templates/main.tpl" created
[2012-10-14 14:48:08 [WARNING]] Warning while processing connection: New template printer for #P"/home/zeno/code/seapup/lisp/../templates/main.tpl" created
[2012-10-14 14:48:10 [WARNING]] New template printer for #P"/home/zeno/code/seapup/lisp/../templates/main.tpl" created
[2012-10-14 14:48:10 [WARNING]] Warning while processing connection: New template printer for #P"/home/zeno/code/seapup/lisp/../templates/main.tpl" created
[2012-10-14 14:52:38 [WARNING]] New template printer for #P"/home/zeno/code/seapup/lisp/../templates/main.tpl" created
[2012-10-14 14:52:38 [WARNING]] Warning while processing connection: New template printer for #P"/home/zeno/code/seapup/lisp/../templates/main.tpl" created
[2012-10-14 14:52:40 [WARNING]] New template printer for #P"/home/zeno/code/seapup/lisp/../templates/main.tpl" created
[2012-10-14 14:52:40 [WARNING]] Warning while processing connection: New template printer for #P"/home/zeno/code/seapup/lisp/../templates/main.tpl" created
[2012-10-14 14:53:49 [WARNING]] New template printer for #P"/home/zeno/code/seapup/lisp/../templates/main.tpl" created
[2012-10-14 14:53:49 [WARNING]] Warning while processing connection: New template printer for #P"/home/zeno/code/seapup/lisp/../templates/main.tpl" created
[2012-10-14 14:54:25 [WARNING]] New template printer for #P"/home/zeno/code/seapup/lisp/../templates/main.tpl" created
[2012-10-14 14:54:25 [WARNING]] Warning while processing connection: New template printer for #P"/home/zeno/code/seapup/lisp/../templates/main.tpl" created
[2012-10-14 14:55:35 [WARNING]] New template printer for #P"/home/zeno/code/seapup/lisp/../templates/main.tpl" created
[2012-10-14 14:55:35 [WARNING]] Warning while processing connection: New template printer for #P"/home/zeno/code/seapup/lisp/../templates/main.tpl" created
[2012-10-14 14:56:12 [WARNING]] New template printer for #P"/home/zeno/code/seapup/lisp/../templates/main.tpl" created
[2012-10-14 14:56:12 [WARNING]] Warning while processing connection: New template printer for #P"/home/zeno/code/seapup/lisp/../templates/main.tpl" created
[2012-10-14 14:57:20 [WARNING]] New template printer for #P"/home/zeno/code/seapup/lisp/../templates/main.tpl" created
[2012-10-14 14:57:20 [WARNING]] Warning while processing connection: New template printer for #P"/home/zeno/code/seapup/lisp/../templates/main.tpl" created
[2012-10-14 14:58:27 [WARNING]] New template printer for #P"/home/zeno/code/seapup/lisp/../templates/main.tpl" created
[2012-10-14 14:58:27 [WARNING]] Warning while processing connection: New template printer for #P"/home/zeno/code/seapup/lisp/../templates/main.tpl" created
[2012-10-14 14:59:22 [WARNING]] New template printer for #P"/home/zeno/code/seapup/lisp/../templates/main.tpl" created
[2012-10-14 14:59:22 [WARNING]] Warning while processing connection: New template printer for #P"/home/zeno/code/seapup/lisp/../templates/main.tpl" created
[2012-10-14 14:59:40 [WARNING]] New template printer for #P"/home/zeno/code/seapup/lisp/../templates/main.tpl" created
[2012-10-14 14:59:40 [WARNING]] Warning while processing connection: New template printer for #P"/home/zeno/code/seapup/lisp/../templates/main.tpl" created
[2012-10-14 14:59:59 [WARNING]] New template printer for #P"/home/zeno/code/seapup/lisp/../templates/main.tpl" created
[2012-10-14 14:59:59 [WARNING]] Warning while processing connection: New template printer for #P"/home/zeno/code/seapup/lisp/../templates/main.tpl" created
[2012-10-14 15:02:08 [WARNING]] New template printer for #P"/home/zeno/code/seapup/lisp/../templates/main.tpl" created
[2012-10-14 15:02:08 [WARNING]] Warning while processing connection: New template printer for #P"/home/zeno/code/seapup/lisp/../templates/main.tpl" created
[2012-10-14 15:02:25 [WARNING]] New template printer for #P"/home/zeno/code/seapup/lisp/../templates/main.tpl" created
[2012-10-14 15:02:25 [WARNING]] Warning while processing connection: New template printer for #P"/home/zeno/code/seapup/lisp/../templates/main.tpl" created
[2012-10-14 15:02:41 [WARNING]] New template printer for #P"/home/zeno/code/seapup/lisp/../templates/main.tpl" created
[2012-10-14 15:02:41 [WARNING]] Warning while processing connection: New template printer for #P"/home/zeno/code/seapup/lisp/../templates/main.tpl" created
[2012-10-14 15:03:49 [WARNING]] New template printer for #P"/home/zeno/code/seapup/lisp/../templates/main.tpl" created
[2012-10-14 15:03:49 [WARNING]] Warning while processing connection: New template printer for #P"/home/zeno/code/seapup/lisp/../templates/main.tpl" created
[2012-10-14 15:03:51 [WARNING]] New template printer for #P"/home/zeno/code/seapup/lisp/../templates/main.tpl" created
[2012-10-14 15:03:51 [WARNING]] Warning while processing connection: New template printer for #P"/home/zeno/code/seapup/lisp/../templates/main.tpl" created
[2012-10-14 15:04:25 [WARNING]] New template printer for #P"/home/zeno/code/seapup/lisp/../templates/main.tpl" created
[2012-10-14 15:04:25 [WARNING]] Warning while processing connection: New template printer for #P"/home/zeno/code/seapup/lisp/../templates/main.tpl" created
[2012-10-14 15:04:50 [WARNING]] New template printer for #P"/home/zeno/code/seapup/lisp/../templates/main.tpl" created
[2012-10-14 15:04:50 [WARNING]] Warning while processing connection: New template printer for #P"/home/zeno/code/seapup/lisp/../templates/main.tpl" created
[2012-10-14 15:26:31 [WARNING]] New template printer for #P"/home/zeno/code/seapup/lisp/../templates/main.tpl" created
[2012-10-14 15:26:31 [WARNING]] Warning while processing connection: New template printer for #P"/home/zeno/code/seapup/lisp/../templates/main.tpl" created
[2012-10-14 15:27:05 [WARNING]] New template printer for #P"/home/zeno/code/seapup/lisp/../templates/main.tpl" created
[2012-10-14 15:27:05 [WARNING]] Warning while processing connection: New template printer for #P"/home/zeno/code/seapup/lisp/../templates/main.tpl" created
[2012-10-14 15:39:24 [WARNING]] New template printer for #P"/home/zeno/code/seapup/lisp/../templates/main.tpl" created
[2012-10-14 15:39:24 [WARNING]] Warning while processing connection: New template printer for #P"/home/zeno/code/seapup/lisp/../templates/main.tpl" created
[2012-10-14 15:41:22 [WARNING]] New template printer for #P"/home/zeno/code/seapup/lisp/../templates/main.tpl" created
[2012-10-14 15:41:22 [WARNING]] Warning while processing connection: New template printer for #P"/home/zeno/code/seapup/lisp/../templates/main.tpl" created
[2012-10-14 17:19:42 [WARNING]] New template printer for #P"/home/zeno/code/seapup/lisp/../templates/main.tpl" created
[2012-10-14 17:19:42 [WARNING]] Warning while processing connection: New template printer for #P"/home/zeno/code/seapup/lisp/../templates/main.tpl" created
[2012-10-14 17:20:16 [WARNING]] New template printer for #P"/home/zeno/code/seapup/lisp/../templates/main.tpl" created
[2012-10-14 17:20:16 [WARNING]] Warning while processing connection: New template printer for #P"/home/zeno/code/seapup/lisp/../templates/main.tpl" created
[2012-10-14 17:21:12 [WARNING]] New template printer for #P"/home/zeno/code/seapup/lisp/../templates/main.tpl" created
[2012-10-14 17:21:12 [WARNING]] Warning while processing connection: New template printer for #P"/home/zeno/code/seapup/lisp/../templates/main.tpl" created
[2012-10-14 17:29:38 [WARNING]] New template printer for #P"/home/zeno/code/seapup/lisp/../templates/main.tpl" created
[2012-10-14 17:29:38 [WARNING]] Warning while processing connection: New template printer for #P"/home/zeno/code/seapup/lisp/../templates/main.tpl" created
[2012-10-14 17:30:44 [WARNING]] New template printer for #P"/home/zeno/code/seapup/lisp/../templates/main.tpl" created
[2012-10-14 17:30:44 [WARNING]] Warning while processing connection: New template printer for #P"/home/zeno/code/seapup/lisp/../templates/main.tpl" created
[2012-10-14 17:31:17 [WARNING]] New template printer for #P"/home/zeno/code/seapup/lisp/../templates/main.tpl" created
[2012-10-14 17:31:17 [WARNING]] Warning while processing connection: New template printer for #P"/home/zeno/code/seapup/lisp/../templates/main.tpl" created
[2012-10-14 17:37:20 [WARNING]] New template printer for #P"/home/zeno/code/seapup/lisp/../templates/main.tpl" created
[2012-10-14 17:37:20 [WARNING]] Warning while processing connection: New template printer for #P"/home/zeno/code/seapup/lisp/../templates/main.tpl" created
[2012-10-15 06:52:49 [WARNING]] New template printer for #P"/home/zeno/code/seapup/lisp/../templates/main.tpl" created
[2012-10-15 06:52:49 [WARNING]] Warning while processing connection: New template printer for #P"/home/zeno/code/seapup/lisp/../templates/main.tpl" created
[2012-10-15 09:15:06 [WARNING]] New template printer for #P"/home/zeno/code/seapup/lisp/../templates/main.tpl" created
[2012-10-15 09:15:06 [WARNING]] Warning while processing connection: New template printer for #P"/home/zeno/code/seapup/lisp/../templates/main.tpl" created
[2012-10-15 09:30:26 [WARNING]] New template printer for #P"/home/zeno/code/seapup/lisp/../templates/main.tpl" created
[2012-10-15 09:30:26 [WARNING]] Warning while processing connection: New template printer for #P"/home/zeno/code/seapup/lisp/../templates/main.tpl" created
[2012-10-15 10:32:41 [WARNING]] New template printer for #P"/home/zeno/code/seapup/lisp/../templates/main.tpl" created
[2012-10-15 10:32:41 [WARNING]] Warning while processing connection: New template printer for #P"/home/zeno/code/seapup/lisp/../templates/main.tpl" created
[2012-10-20 15:20:01 [WARNING]] New template printer for #P"/home/zeno/code/seapup/lisp/../templates/main.tpl" created
[2012-10-20 15:20:01 [WARNING]] Warning while processing connection: New template printer for #P"/home/zeno/code/seapup/lisp/../templates/main.tpl" created
[2012-10-20 15:21:24 [WARNING]] New template printer for #P"/home/zeno/code/seapup/lisp/../templates/main.tpl" created
[2012-10-20 15:21:24 [WARNING]] Warning while processing connection: New template printer for #P"/home/zeno/code/seapup/lisp/../templates/main.tpl" created
[2012-10-20 15:22:41 [WARNING]] New template printer for #P"/home/zeno/code/seapup/lisp/../templates/main.tpl" created
[2012-10-20 15:22:41 [WARNING]] Warning while processing connection: New template printer for #P"/home/zeno/code/seapup/lisp/../templates/main.tpl" created
[2012-10-20 15:24:15 [WARNING]] New template printer for #P"/home/zeno/code/seapup/lisp/../templates/main.tpl" created
[2012-10-20 15:24:15 [WARNING]] Warning while processing connection: New template printer for #P"/home/zeno/code/seapup/lisp/../templates/main.tpl" created
[2012-10-20 15:25:16 [WARNING]] New template printer for #P"/home/zeno/code/seapup/lisp/../templates/main.tpl" created
[2012-10-20 15:25:16 [WARNING]] Warning while processing connection: New template printer for #P"/home/zeno/code/seapup/lisp/../templates/main.tpl" created
[2012-10-20 15:25:25 [WARNING]] New template printer for #P"/home/zeno/code/seapup/lisp/../templates/main.tpl" created
[2012-10-20 15:25:25 [WARNING]] Warning while processing connection: New template printer for #P"/home/zeno/code/seapup/lisp/../templates/main.tpl" created
[2012-10-20 15:26:33 [WARNING]] New template printer for #P"/home/zeno/code/seapup/lisp/../templates/main.tpl" created
[2012-10-20 15:26:33 [WARNING]] Warning while processing connection: New template printer for #P"/home/zeno/code/seapup/lisp/../templates/main.tpl" created
[2012-10-20 15:26:38 [WARNING]] New template printer for #P"/home/zeno/code/seapup/lisp/../templates/main.tpl" created
[2012-10-20 15:26:38 [WARNING]] Warning while processing connection: New template printer for #P"/home/zeno/code/seapup/lisp/../templates/main.tpl" created
[2012-10-20 15:27:03 [WARNING]] New template printer for #P"/home/zeno/code/seapup/lisp/../templates/main.tpl" created
[2012-10-20 15:27:03 [WARNING]] Warning while processing connection: New template printer for #P"/home/zeno/code/seapup/lisp/../templates/main.tpl" created
[2012-10-20 15:40:42 [WARNING]] New template printer for #P"/home/zeno/code/seapup/lisp/../templates/main.tpl" created
[2012-10-20 15:40:42 [WARNING]] Warning while processing connection: New template printer for #P"/home/zeno/code/seapup/lisp/../templates/main.tpl" created
[2012-10-20 15:44:00 [WARNING]] New template printer for #P"/home/zeno/code/seapup/lisp/../templates/main.tpl" created
[2012-10-20 15:44:00 [WARNING]] Warning while processing connection: New template printer for #P"/home/zeno/code/seapup/lisp/../templates/main.tpl" created
[2012-10-20 15:46:12 [WARNING]] New template printer for #P"/home/zeno/code/seapup/lisp/../templates/main.tpl" created
[2012-10-20 15:46:12 [WARNING]] Warning while processing connection: New template printer for #P"/home/zeno/code/seapup/lisp/../templates/main.tpl" created
[2012-10-20 15:51:47 [WARNING]] New template printer for #P"/home/zeno/code/seapup/lisp/../templates/main.tpl" created
[2012-10-20 15:51:47 [WARNING]] Warning while processing connection: New template printer for #P"/home/zeno/code/seapup/lisp/../templates/main.tpl" created
[2012-10-20 15:52:40 [WARNING]] New template printer for #P"/home/zeno/code/seapup/lisp/../templates/main.tpl" created
[2012-10-20 15:52:40 [WARNING]] Warning while processing connection: New template printer for #P"/home/zeno/code/seapup/lisp/../templates/main.tpl" created
[2012-10-20 15:59:52 [WARNING]] The function was called with zero arguments, but wants exactly one.
[2012-10-20 15:59:52 [WARNING]] Warning while processing connection: The function was called with zero arguments, but wants exactly one.
[2012-10-20 15:59:53 [ERROR]] invalid number of arguments: 0
0: (SB-DEBUG::MAP-BACKTRACE
    #<CLOSURE (LAMBDA #) {1008157A09}>
    :START
    0
    :COUNT
    1152921504606846975)
1: (SB-DEBUG:BACKTRACE
    1152921504606846975
    #<SB-IMPL::STRING-OUTPUT-STREAM {1008157941}>)
2: (TRIVIAL-BACKTRACE:PRINT-BACKTRACE-TO-STREAM
    #<SB-IMPL::STRING-OUTPUT-STREAM {1008157941}>)
3: (HUNCHENTOOT::GET-BACKTRACE)
4: ((FLET #:LAMBDA271)
    #<SB-INT:SIMPLE-PROGRAM-ERROR "invalid number of arguments: ~S"
      {1008157581}>)
5: (SIGNAL
    #<SB-INT:SIMPLE-PROGRAM-ERROR "invalid number of arguments: ~S"
      {1008157581}>)
6: (ERROR
    SB-INT:SIMPLE-PROGRAM-ERROR
    :FORMAT-CONTROL
    "invalid number of arguments: ~S"
    :FORMAT-ARGUMENTS
    (0))
7: (SB-KERNEL::INVALID-ARG-COUNT-ERROR-HANDLER
    #<unavailable argument>
    #.(SB-SYS:INT-SAP #X7FFFE35DA7A0)
    #<SB-ALIEN-INTERNALS:ALIEN-VALUE :SAP #X7FFFE35DA1C0 :TYPE (*
                                                                (SB-ALIEN:STRUCT
                                                                 SB-VM::OS-CONTEXT-T-STRUCT))>
    (84))
8: (SB-KERNEL:INTERNAL-ERROR
    #.(SB-SYS:INT-SAP #X7FFFE35DA1C0)
    #<unavailable argument>)
9: ("foreign function: call_into_lisp")
10: ("foreign function: funcall2")
11: ("foreign function: interrupt_internal_error")
12: ("foreign function: #x410FDA")
13: ((LAMBDA (SB-PCL::.ARG0.)))[:EXTERNAL]
14: ((LAMBDA (#:G1205)) #<unavailable argument>)
15: (SWANK:EVAL-STRING-IN-FRAME "(get-parameters)" 0)
16: (SB-INT:SIMPLE-EVAL-IN-LEXENV
     (SWANK:EVAL-STRING-IN-FRAME "(get-parameters)" 0)
     #<NULL-LEXENV>)
17: (SWANK:EVAL-FOR-EMACS
     (SWANK:EVAL-STRING-IN-FRAME "(get-parameters)" 0)
     "PUP"
     977)
18: (SWANK::SLDB-LOOP 1)
19: ((FLET SWANK-BACKEND:CALL-WITH-DEBUGGING-ENVIRONMENT)
     #<FUNCTION (LAMBDA #) {1004312E39}>)
20: (SWANK::DEBUG-IN-EMACS #<SIMPLE-CONDITION "param ~a" {10075AFD71}>)
21: (SWANK-BACKEND::CALL-WITH-BREAK-HOOK
     #<FUNCTION SWANK:SWANK-DEBUGGER-HOOK>
     #<CLOSURE (LAMBDA #) {10075AFDF9}>)
22: ((FLET SWANK-BACKEND:CALL-WITH-DEBUGGER-HOOK)
     #<FUNCTION SWANK:SWANK-DEBUGGER-HOOK>
     #<CLOSURE (LAMBDA #) {10075AFDF9}>)
23: (SWANK::CALL-WITH-BINDINGS
     ((*STANDARD-OUTPUT* . #<SWANK-BACKEND::SLIME-OUTPUT-STREAM {1004F51B71}>)
      (*STANDARD-INPUT* . #<SWANK-BACKEND::SLIME-INPUT-STREAM {1002BD5441}>)
      (*TRACE-OUTPUT* . #<SWANK-BACKEND::SLIME-OUTPUT-STREAM {1004F51B71}>)
      (*ERROR-OUTPUT* . #<SWANK-BACKEND::SLIME-OUTPUT-STREAM {1004F51B71}>)
      (*DEBUG-IO*
       . #<TWO-WAY-STREAM
           :INPUT-STREAM #<SWANK-BACKEND::SLIME-INPUT-STREAM {1002BD5441}>
           :OUTPUT-STREAM #<SWANK-BACKEND::SLIME-OUTPUT-STREAM {1004F51B71}>>)
      (*QUERY-IO*
       . #<TWO-WAY-STREAM
           :INPUT-STREAM #<SWANK-BACKEND::SLIME-INPUT-STREAM {1002BD5441}>
           :OUTPUT-STREAM #<SWANK-BACKEND::SLIME-OUTPUT-STREAM {1004F51B71}>>)
      (*TERMINAL-IO*
       . #<TWO-WAY-STREAM
           :INPUT-STREAM #<SWANK-BACKEND::SLIME-INPUT-STREAM {1002BD5441}>
           :OUTPUT-STREAM #<SWANK-BACKEND::SLIME-OUTPUT-STREAM {1004F51B71}>>))
     #<CLOSURE (LAMBDA #) {10075AFE19}>)
24: (SWANK:INVOKE-SLIME-DEBUGGER #<SIMPLE-CONDITION "param ~a" {10075AFD71}>)
25: (SWANK-BACKEND::CALL-WITH-BREAK-HOOK
     #<FUNCTION SWANK:SWANK-DEBUGGER-HOOK>
     #<CLOSURE (LAMBDA #) {10075AFDB9}>)
26: ((FLET SWANK-BACKEND:CALL-WITH-DEBUGGER-HOOK)
     #<FUNCTION SWANK:SWANK-DEBUGGER-HOOK>
     #<CLOSURE (LAMBDA #) {10075AFDB9}>)
27: (SWANK:SWANK-DEBUGGER-HOOK
     #<SIMPLE-CONDITION "param ~a" {10075AFD71}>
     #<unavailable argument>)
28: (SB-DEBUG::RUN-HOOK
     SB-EXT:*INVOKE-DEBUGGER-HOOK*
     #<SIMPLE-CONDITION "param ~a" {10075AFD71}>)
29: (INVOKE-DEBUGGER #<SIMPLE-CONDITION "param ~a" {10075AFD71}>)
30: (SB-INT:%BREAK BREAK "param ~a" NIL)
31: (BREAK "param ~a" NIL)
32: (HANDLE-AJAX)
33: ((SB-PCL::FAST-METHOD HANDLE-REQUEST (ACCEPTOR REQUEST))
     #<unavailable argument>
     #<unavailable argument>
     #<ACCEPTOR (host *, port 4242)>
     #<REQUEST {1007298001}>)
34: ((SB-PCL::FAST-METHOD PROCESS-REQUEST (T))
     #<unavailable argument>
     #<unavailable argument>
     #<REQUEST {1007298001}>)
35: ((SB-PCL::FAST-METHOD PROCESS-CONNECTION (ACCEPTOR T))
     #<unavailable argument>
     #<unavailable argument>
     #<ACCEPTOR (host *, port 4242)>
     #<USOCKET:STREAM-USOCKET {100728FA61}>)
36: ((SB-PCL::FAST-METHOD PROCESS-CONNECTION :AROUND (ACCEPTOR T))
     #<unavailable argument>
     #S(SB-PCL::FAST-METHOD-CALL
        :FUNCTION #<FUNCTION #>
        :PV NIL
        :NEXT-METHOD-CALL NIL
        :ARG-INFO (2))
     #<ACCEPTOR (host *, port 4242)>
     #<USOCKET:STREAM-USOCKET {100728FA61}>)
37: ((LAMBDA ()))
38: ((FLET #:WITHOUT-INTERRUPTS-BODY-[BLOCK359]364))
39: ((FLET SB-THREAD::WITH-MUTEX-THUNK))
40: ((FLET #:WITHOUT-INTERRUPTS-BODY-[CALL-WITH-MUTEX]300))
41: (SB-THREAD::CALL-WITH-MUTEX
     #<CLOSURE (FLET SB-THREAD::WITH-MUTEX-THUNK) {7FFFE35DBCA9}>
     #S(SB-THREAD:MUTEX
        :NAME "thread result lock"
        :%OWNER #<SB-THREAD:THREAD
                  "Hunchentoot worker (client: 172.16.128.1:49632)" RUNNING
                  {1007291691}>
        :STATE 1)
     #<SB-THREAD:THREAD
       "Hunchentoot worker (client: 172.16.128.1:49632)" RUNNING {1007291691}>
     T)
42: (SB-THREAD::INITIAL-THREAD-FUNCTION)
43: ("foreign function: call_into_lisp")
44: ("foreign function: new_thread_trampoline")

[2012-10-20 16:07:22 [WARNING]] New template printer for #P"/home/zeno/code/seapup/lisp/../templates/main.tpl" created
[2012-10-20 16:07:22 [WARNING]] Warning while processing connection: New template printer for #P"/home/zeno/code/seapup/lisp/../templates/main.tpl" created
[2012-10-20 16:18:40 [WARNING]] New template printer for #P"/home/zeno/code/seapup/lisp/../templates/main.tpl" created
[2012-10-20 16:18:40 [WARNING]] Warning while processing connection: New template printer for #P"/home/zeno/code/seapup/lisp/../templates/main.tpl" created
[2012-10-20 16:38:54 [ERROR]] The variable ASDFSDF is unbound.
0: (SB-DEBUG::MAP-BACKTRACE
    #<CLOSURE (LAMBDA #) {1003FFDED9}>
    :START
    0
    :COUNT
    1152921504606846975)
1: (SB-DEBUG:BACKTRACE
    1152921504606846975
    #<SB-IMPL::STRING-OUTPUT-STREAM {1003FFDE11}>)
2: (TRIVIAL-BACKTRACE:PRINT-BACKTRACE-TO-STREAM
    #<SB-IMPL::STRING-OUTPUT-STREAM {1003FFDE11}>)
3: (HUNCHENTOOT::GET-BACKTRACE)
4: ((FLET #:LAMBDA271) #<UNBOUND-VARIABLE ASDFSDF {1003FFD511}>)
5: (SIGNAL #<UNBOUND-VARIABLE ASDFSDF {1003FFD511}>)
6: (ERROR UNBOUND-VARIABLE :NAME ASDFSDF)
7: (SB-KERNEL::UNBOUND-SYMBOL-ERROR-HANDLER
    #<unavailable argument>
    #.(SB-SYS:INT-SAP #X7FFFE35DA3A0)
    #<SB-ALIEN-INTERNALS:ALIEN-VALUE :SAP #X7FFFE35D9D00 :TYPE (*
                                                                (SB-ALIEN:STRUCT
                                                                 SB-VM::OS-CONTEXT-T-STRUCT))>
    (533))
8: (SB-KERNEL:INTERNAL-ERROR
    #.(SB-SYS:INT-SAP #X7FFFE35D9D00)
    #<unavailable argument>)
9: ("foreign function: call_into_lisp")
10: ("foreign function: funcall2")
11: ("foreign function: interrupt_internal_error")
12: ("foreign function: #x410FDA")
13: (SB-INT:SIMPLE-EVAL-IN-LEXENV ASDFSDF #<NULL-LEXENV>)
14: (SB-EXT:INTERACTIVE-EVAL ASDFSDF :EVAL NIL)
15: (SB-IMPL::EVAL-FOR-INSPECT
     ASDFSDF
     #<SWANK-BACKEND::SLIME-OUTPUT-STREAM {1004F51B71}>)
16: ((LABELS SB-IMPL::REREAD))
17: ((LABELS SB-IMPL::REREAD))
18: (SB-IMPL::%INSPECT
     #<REQUEST {1007BDAEE1}>
     #<SWANK-BACKEND::SLIME-OUTPUT-STREAM {1004F51B71}>)
19: (SB-IMPL::INSPECTOR
     #<REQUEST {1007BDAEE1}>
     #<unavailable argument>
     #<SWANK-BACKEND::SLIME-OUTPUT-STREAM {1004F51B71}>)
20: (INSPECT #<REQUEST {1007BDAEE1}>)
21: ((LAMBDA (#:G1209)) #<unavailable argument>)
22: (SWANK:EVAL-STRING-IN-FRAME "(inspect *request*)" 1)
23: (SB-INT:SIMPLE-EVAL-IN-LEXENV
     (SWANK:EVAL-STRING-IN-FRAME "(inspect *request*)" 1)
     #<NULL-LEXENV>)
24: (SWANK:EVAL-FOR-EMACS
     (SWANK:EVAL-STRING-IN-FRAME "(inspect *request*)" 1)
     "PUP"
     1024)
25: (SWANK::SLDB-LOOP 1)
26: ((FLET SWANK-BACKEND:CALL-WITH-DEBUGGING-ENVIRONMENT)
     #<FUNCTION (LAMBDA #) {1004312E39}>)
27: (SWANK::DEBUG-IN-EMACS #<SIMPLE-CONDITION "param ~a" {1007BDD331}>)
28: (SWANK-BACKEND::CALL-WITH-BREAK-HOOK
     #<FUNCTION SWANK:SWANK-DEBUGGER-HOOK>
     #<CLOSURE (LAMBDA #) {1007BDD3B9}>)
29: ((FLET SWANK-BACKEND:CALL-WITH-DEBUGGER-HOOK)
     #<FUNCTION SWANK:SWANK-DEBUGGER-HOOK>
     #<CLOSURE (LAMBDA #) {1007BDD3B9}>)
30: (SWANK::CALL-WITH-BINDINGS
     ((*STANDARD-OUTPUT* . #<SWANK-BACKEND::SLIME-OUTPUT-STREAM {1004F51B71}>)
      (*STANDARD-INPUT* . #<SWANK-BACKEND::SLIME-INPUT-STREAM {1002BD5441}>)
      (*TRACE-OUTPUT* . #<SWANK-BACKEND::SLIME-OUTPUT-STREAM {1004F51B71}>)
      (*ERROR-OUTPUT* . #<SWANK-BACKEND::SLIME-OUTPUT-STREAM {1004F51B71}>)
      (*DEBUG-IO*
       . #<TWO-WAY-STREAM
           :INPUT-STREAM #<SWANK-BACKEND::SLIME-INPUT-STREAM {1002BD5441}>
           :OUTPUT-STREAM #<SWANK-BACKEND::SLIME-OUTPUT-STREAM {1004F51B71}>>)
      (*QUERY-IO*
       . #<TWO-WAY-STREAM
           :INPUT-STREAM #<SWANK-BACKEND::SLIME-INPUT-STREAM {1002BD5441}>
           :OUTPUT-STREAM #<SWANK-BACKEND::SLIME-OUTPUT-STREAM {1004F51B71}>>)
      (*TERMINAL-IO*
       . #<TWO-WAY-STREAM
           :INPUT-STREAM #<SWANK-BACKEND::SLIME-INPUT-STREAM {1002BD5441}>
           :OUTPUT-STREAM #<SWANK-BACKEND::SLIME-OUTPUT-STREAM {1004F51B71}>>))
     #<CLOSURE (LAMBDA #) {1007BDD3D9}>)
31: (SWANK:INVOKE-SLIME-DEBUGGER #<SIMPLE-CONDITION "param ~a" {1007BDD331}>)
32: (SWANK-BACKEND::CALL-WITH-BREAK-HOOK
     #<FUNCTION SWANK:SWANK-DEBUGGER-HOOK>
     #<CLOSURE (LAMBDA #) {1007BDD379}>)
33: ((FLET SWANK-BACKEND:CALL-WITH-DEBUGGER-HOOK)
     #<FUNCTION SWANK:SWANK-DEBUGGER-HOOK>
     #<CLOSURE (LAMBDA #) {1007BDD379}>)
34: (SWANK:SWANK-DEBUGGER-HOOK
     #<SIMPLE-CONDITION "param ~a" {1007BDD331}>
     #<unavailable argument>)
35: (SB-DEBUG::RUN-HOOK
     SB-EXT:*INVOKE-DEBUGGER-HOOK*
     #<SIMPLE-CONDITION "param ~a" {1007BDD331}>)
36: (INVOKE-DEBUGGER #<SIMPLE-CONDITION "param ~a" {1007BDD331}>)
37: (SB-INT:%BREAK BREAK "param ~a" NIL)
38: (BREAK "param ~a" NIL)
39: (HANDLE-AJAX)
40: ((SB-PCL::FAST-METHOD HANDLE-REQUEST (ACCEPTOR REQUEST))
     #<unavailable argument>
     #<unavailable argument>
     #<ACCEPTOR (host *, port 4242)>
     #<REQUEST {1007BDAEE1}>)
41: ((SB-PCL::FAST-METHOD PROCESS-REQUEST (T))
     #<unavailable argument>
     #<unavailable argument>
     #<REQUEST {1007BDAEE1}>)
42: ((SB-PCL::FAST-METHOD PROCESS-CONNECTION (ACCEPTOR T))
     #<unavailable argument>
     #<unavailable argument>
     #<ACCEPTOR (host *, port 4242)>
     #<USOCKET:STREAM-USOCKET {10076777F1}>)
43: ((SB-PCL::FAST-METHOD PROCESS-CONNECTION :AROUND (ACCEPTOR T))
     #<unavailable argument>
     #S(SB-PCL::FAST-METHOD-CALL
        :FUNCTION #<FUNCTION #>
        :PV NIL
        :NEXT-METHOD-CALL NIL
        :ARG-INFO (2))
     #<ACCEPTOR (host *, port 4242)>
     #<USOCKET:STREAM-USOCKET {10076777F1}>)
44: ((LAMBDA ()))
45: ((FLET #:WITHOUT-INTERRUPTS-BODY-[BLOCK359]364))
46: ((FLET SB-THREAD::WITH-MUTEX-THUNK))
47: ((FLET #:WITHOUT-INTERRUPTS-BODY-[CALL-WITH-MUTEX]300))
48: (SB-THREAD::CALL-WITH-MUTEX
     #<CLOSURE (FLET SB-THREAD::WITH-MUTEX-THUNK) {7FFFE35DBCA9}>
     #S(SB-THREAD:MUTEX
        :NAME "thread result lock"
        :%OWNER #<SB-THREAD:THREAD
                  "Hunchentoot worker (client: 172.16.128.1:49642)" RUNNING
                  {1007679471}>
        :STATE 1)
     #<SB-THREAD:THREAD
       "Hunchentoot worker (client: 172.16.128.1:49642)" RUNNING {1007679471}>
     T)
49: (SB-THREAD::INITIAL-THREAD-FUNCTION)
50: ("foreign function: call_into_lisp")
51: ("foreign function: new_thread_trampoline")

[2012-10-20 16:38:56 [WARNING]] undefined function: SADFAS
[2012-10-20 16:38:56 [WARNING]] Warning while processing connection: undefined function: SADFAS
[2012-10-20 16:38:56 [ERROR]] The function PUP::SADFAS is undefined.
0: (SB-DEBUG::MAP-BACKTRACE
    #<CLOSURE (LAMBDA #) {100410FAE9}>
    :START
    0
    :COUNT
    1152921504606846975)
1: (SB-DEBUG:BACKTRACE
    1152921504606846975
    #<SB-IMPL::STRING-OUTPUT-STREAM {100410FA21}>)
2: (TRIVIAL-BACKTRACE:PRINT-BACKTRACE-TO-STREAM
    #<SB-IMPL::STRING-OUTPUT-STREAM {100410FA21}>)
3: (HUNCHENTOOT::GET-BACKTRACE)
4: ((FLET #:LAMBDA271) #<UNDEFINED-FUNCTION SADFAS {100410F2E1}>)
5: (SIGNAL #<UNDEFINED-FUNCTION SADFAS {100410F2E1}>)
6: (ERROR UNDEFINED-FUNCTION :NAME SADFAS)
7: (SB-KERNEL::UNDEFINED-FUN-ERROR-HANDLER
    #<unavailable argument>
    #.(SB-SYS:INT-SAP #X7FFFE20682A0)
    #<SB-ALIEN-INTERNALS:ALIEN-VALUE :SAP #X7FFFE2067CC0 :TYPE (*
                                                                (SB-ALIEN:STRUCT
                                                                 SB-VM::OS-CONTEXT-T-STRUCT))>
    (21))
8: (SB-KERNEL:INTERNAL-ERROR
    #.(SB-SYS:INT-SAP #X7FFFE2067CC0)
    #<unavailable argument>)
9: ("foreign function: call_into_lisp")
10: ("foreign function: funcall2")
11: ("foreign function: interrupt_internal_error")
12: ("foreign function: #x410FDA")
13: ("bogus stack frame")
14: (SB-INT:SIMPLE-EVAL-IN-LEXENV (SADFAS) #<NULL-LEXENV>)
15: (SB-EXT:INTERACTIVE-EVAL (SADFAS) :EVAL NIL)
16: (SB-IMPL::EVAL-FOR-INSPECT
     (SADFAS)
     #<SWANK-BACKEND::SLIME-OUTPUT-STREAM {1004F51B71}>)
17: ((LABELS SB-IMPL::REREAD))
18: ((LABELS SB-IMPL::REREAD))
19: (SB-IMPL::%INSPECT
     #<REQUEST {100304E751}>
     #<SWANK-BACKEND::SLIME-OUTPUT-STREAM {1004F51B71}>)
20: (SB-IMPL::INSPECTOR
     #<REQUEST {100304E751}>
     #<unavailable argument>
     #<SWANK-BACKEND::SLIME-OUTPUT-STREAM {1004F51B71}>)
21: (INSPECT #<REQUEST {100304E751}>)
22: ((LAMBDA (#:G1210)) #<unavailable argument>)
23: (SWANK:EVAL-STRING-IN-FRAME "(inspect *request*)" 0)
24: (SB-INT:SIMPLE-EVAL-IN-LEXENV
     (SWANK:EVAL-STRING-IN-FRAME "(inspect *request*)" 0)
     #<NULL-LEXENV>)
25: (SWANK:EVAL-FOR-EMACS
     (SWANK:EVAL-STRING-IN-FRAME "(inspect *request*)" 0)
     "PUP"
     1037)
26: (SWANK::SLDB-LOOP 1)
27: ((FLET SWANK-BACKEND:CALL-WITH-DEBUGGING-ENVIRONMENT)
     #<FUNCTION (LAMBDA #) {1004312E39}>)
28: (SWANK::DEBUG-IN-EMACS #<SIMPLE-CONDITION "param ~a" {100304FB91}>)
29: (SWANK-BACKEND::CALL-WITH-BREAK-HOOK
     #<FUNCTION SWANK:SWANK-DEBUGGER-HOOK>
     #<CLOSURE (LAMBDA #) {100304FC19}>)
30: ((FLET SWANK-BACKEND:CALL-WITH-DEBUGGER-HOOK)
     #<FUNCTION SWANK:SWANK-DEBUGGER-HOOK>
     #<CLOSURE (LAMBDA #) {100304FC19}>)
31: (SWANK::CALL-WITH-BINDINGS
     ((*STANDARD-OUTPUT* . #<SWANK-BACKEND::SLIME-OUTPUT-STREAM {1004F51B71}>)
      (*STANDARD-INPUT* . #<SWANK-BACKEND::SLIME-INPUT-STREAM {1002BD5441}>)
      (*TRACE-OUTPUT* . #<SWANK-BACKEND::SLIME-OUTPUT-STREAM {1004F51B71}>)
      (*ERROR-OUTPUT* . #<SWANK-BACKEND::SLIME-OUTPUT-STREAM {1004F51B71}>)
      (*DEBUG-IO*
       . #<TWO-WAY-STREAM
           :INPUT-STREAM #<SWANK-BACKEND::SLIME-INPUT-STREAM {1002BD5441}>
           :OUTPUT-STREAM #<SWANK-BACKEND::SLIME-OUTPUT-STREAM {1004F51B71}>>)
      (*QUERY-IO*
       . #<TWO-WAY-STREAM
           :INPUT-STREAM #<SWANK-BACKEND::SLIME-INPUT-STREAM {1002BD5441}>
           :OUTPUT-STREAM #<SWANK-BACKEND::SLIME-OUTPUT-STREAM {1004F51B71}>>)
      (*TERMINAL-IO*
       . #<TWO-WAY-STREAM
           :INPUT-STREAM #<SWANK-BACKEND::SLIME-INPUT-STREAM {1002BD5441}>
           :OUTPUT-STREAM #<SWANK-BACKEND::SLIME-OUTPUT-STREAM {1004F51B71}>>))
     #<CLOSURE (LAMBDA #) {100304FC39}>)
32: (SWANK:INVOKE-SLIME-DEBUGGER #<SIMPLE-CONDITION "param ~a" {100304FB91}>)
33: (SWANK-BACKEND::CALL-WITH-BREAK-HOOK
     #<FUNCTION SWANK:SWANK-DEBUGGER-HOOK>
     #<CLOSURE (LAMBDA #) {100304FBD9}>)
34: ((FLET SWANK-BACKEND:CALL-WITH-DEBUGGER-HOOK)
     #<FUNCTION SWANK:SWANK-DEBUGGER-HOOK>
     #<CLOSURE (LAMBDA #) {100304FBD9}>)
35: (SWANK:SWANK-DEBUGGER-HOOK
     #<SIMPLE-CONDITION "param ~a" {100304FB91}>
     #<unavailable argument>)
36: (SB-DEBUG::RUN-HOOK
     SB-EXT:*INVOKE-DEBUGGER-HOOK*
     #<SIMPLE-CONDITION "param ~a" {100304FB91}>)
37: (INVOKE-DEBUGGER #<SIMPLE-CONDITION "param ~a" {100304FB91}>)
38: (SB-INT:%BREAK BREAK "param ~a" NIL)
39: (BREAK "param ~a" NIL)
40: (HANDLE-AJAX)
41: ((SB-PCL::FAST-METHOD HANDLE-REQUEST (ACCEPTOR REQUEST))
     #<unavailable argument>
     #<unavailable argument>
     #<ACCEPTOR (host *, port 4242)>
     #<REQUEST {100304E751}>)
42: ((SB-PCL::FAST-METHOD PROCESS-REQUEST (T))
     #<unavailable argument>
     #<unavailable argument>
     #<REQUEST {100304E751}>)
43: ((SB-PCL::FAST-METHOD PROCESS-CONNECTION (ACCEPTOR T))
     #<unavailable argument>
     #<unavailable argument>
     #<ACCEPTOR (host *, port 4242)>
     #<USOCKET:STREAM-USOCKET {1002F691E1}>)
44: ((SB-PCL::FAST-METHOD PROCESS-CONNECTION :AROUND (ACCEPTOR T))
     #<unavailable argument>
     #S(SB-PCL::FAST-METHOD-CALL
        :FUNCTION #<FUNCTION #>
        :PV NIL
        :NEXT-METHOD-CALL NIL
        :ARG-INFO (2))
     #<ACCEPTOR (host *, port 4242)>
     #<USOCKET:STREAM-USOCKET {1002F691E1}>)
45: ((LAMBDA ()))
46: ((FLET #:WITHOUT-INTERRUPTS-BODY-[BLOCK359]364))
47: ((FLET SB-THREAD::WITH-MUTEX-THUNK))
48: ((FLET #:WITHOUT-INTERRUPTS-BODY-[CALL-WITH-MUTEX]300))
49: (SB-THREAD::CALL-WITH-MUTEX
     #<CLOSURE (FLET SB-THREAD::WITH-MUTEX-THUNK) {7FFFE2069CA9}>
     #S(SB-THREAD:MUTEX
        :NAME "thread result lock"
        :%OWNER #<SB-THREAD:THREAD
                  "Hunchentoot worker (client: 172.16.128.1:49767)" RUNNING
                  {1002F72B51}>
        :STATE 1)
     #<SB-THREAD:THREAD
       "Hunchentoot worker (client: 172.16.128.1:49767)" RUNNING {1002F72B51}>
     T)
50: (SB-THREAD::INITIAL-THREAD-FUNCTION)
51: ("foreign function: call_into_lisp")
52: ("foreign function: new_thread_trampoline")

